This is XeTeX, Version 3.14159265-2.6-0.999991 (TeX Live 2019/W32TeX) (preloaded format=xelatex 2020.3.9)  18 MAR 2020 11:57
entering extended mode
 restricted \write18 enabled.
 %&-line parsing enabled.
**resume_zhenghao_yin_kyoto_u.tex
(./resume_zhenghao_yin_kyoto_u.tex
LaTeX2e <2018-12-01>
(./altacv.cls
Document Class: altacv 2018/07/27 AltaCV v1.1.4, yet another alternative class 
for a résumé/curriculum vitae.
(d:/Program/texlive/2019/texmf-dist/tex/latex/extsizes/extarticle.cls
Document Class: extarticle 1996/10/08 v1.0 Non Standard LaTeX document class
(d:/Program/texlive/2019/texmf-dist/tex/latex/base/size12.clo
File: size12.clo 2018/09/03 v1.4i Standard LaTeX file (size option)
)
(d:/Program/texlive/2019/texmf-dist/tex/latex/base/exscale.sty
Package: exscale 2018/09/24 v2.1i Standard LaTeX package exscale
LaTeX Font Info:    Redeclaring symbol font `largesymbols' on input line 57.
LaTeX Font Info:    Overwriting symbol font `largesymbols' in version `normal'
(Font)                  OMX/cmex/m/n --> OMX/cmex/m/n on input line 57.
LaTeX Font Info:    Overwriting symbol font `largesymbols' in version `bold'
(Font)                  OMX/cmex/m/n --> OMX/cmex/m/n on input line 57.
\big@size=\dimen102
)
\c@part=\count80
\c@section=\count81
\c@subsection=\count82
\c@subsubsection=\count83
\c@paragraph=\count84
\c@subparagraph=\count85
\c@figure=\count86
\c@table=\count87
\abovecaptionskip=\skip41
\belowcaptionskip=\skip42
\bibindent=\dimen103
)
(d:/Program/texlive/2019/texmf-dist/tex/latex/geometry/geometry.sty
Package: geometry 2018/04/16 v5.8 Page Geometry

(d:/Program/texlive/2019/texmf-dist/tex/latex/graphics/keyval.sty
Package: keyval 2014/10/28 v1.15 key=value parser (DPC)
\KV@toks@=\toks14
)
(d:/Program/texlive/2019/texmf-dist/tex/generic/oberdiek/ifpdf.sty
Package: ifpdf 2018/09/07 v3.3 Provides the ifpdf switch
)
(d:/Program/texlive/2019/texmf-dist/tex/generic/oberdiek/ifvtex.sty
Package: ifvtex 2016/05/16 v1.6 Detect VTeX and its facilities (HO)
Package ifvtex Info: VTeX not detected.
)
(d:/Program/texlive/2019/texmf-dist/tex/generic/ifxetex/ifxetex.sty
Package: ifxetex 2010/09/12 v0.6 Provides ifxetex conditional
)
\Gm@cnth=\count88
\Gm@cntv=\count89
\c@Gm@tempcnt=\count90
\Gm@bindingoffset=\dimen104
\Gm@wd@mp=\dimen105
\Gm@odd@mp=\dimen106
\Gm@even@mp=\dimen107
\Gm@layoutwidth=\dimen108
\Gm@layoutheight=\dimen109
\Gm@layouthoffset=\dimen110
\Gm@layoutvoffset=\dimen111
\Gm@dimlist=\toks15
)
(d:/Program/texlive/2019/texmf-dist/tex/latex/fontawesome/fontawesome.sty
Package: fontawesome 2016/05/15 v4.6.3.1 font awesome icons

(d:/Program/texlive/2019/texmf-dist/tex/generic/oberdiek/ifluatex.sty
Package: ifluatex 2016/05/16 v1.4 Provides the ifluatex switch (HO)
Package ifluatex Info: LuaTeX not detected.
)
(d:/Program/texlive/2019/texmf-dist/tex/latex/fontawesome/fontawesomesymbols-ge
neric.tex) (d:/Program/texlive/2019/texmf-dist/tex/latex/fontspec/fontspec.sty
(d:/Program/texlive/2019/texmf-dist/tex/latex/l3packages/xparse/xparse.sty
(d:/Program/texlive/2019/texmf-dist/tex/latex/l3kernel/expl3.sty
Package: expl3 2019-04-06 L3 programming layer (loader) 

(d:/Program/texlive/2019/texmf-dist/tex/latex/l3kernel/expl3-code.tex
Package: expl3 2019-04-06 L3 programming layer (code)
\c_max_int=\count91
\l_tmpa_int=\count92
\l_tmpb_int=\count93
\g_tmpa_int=\count94
\g_tmpb_int=\count95
\g__kernel_prg_map_int=\count96
\c__ior_term_ior=\count97
\c_log_iow=\count98
\l_iow_line_count_int=\count99
\l__iow_line_target_int=\count100
\l__iow_one_indent_int=\count101
\l__iow_indent_int=\count102
\c_zero_dim=\dimen112
\c_max_dim=\dimen113
\l_tmpa_dim=\dimen114
\l_tmpb_dim=\dimen115
\g_tmpa_dim=\dimen116
\g_tmpb_dim=\dimen117
\c_zero_skip=\skip43
\c_max_skip=\skip44
\l_tmpa_skip=\skip45
\l_tmpb_skip=\skip46
\g_tmpa_skip=\skip47
\g_tmpb_skip=\skip48
\c_zero_muskip=\muskip10
\c_max_muskip=\muskip11
\l_tmpa_muskip=\muskip12
\l_tmpb_muskip=\muskip13
\g_tmpa_muskip=\muskip14
\g_tmpb_muskip=\muskip15
\l_keys_choice_int=\count103
\l__intarray_loop_int=\count104
\c__intarray_sp_dim=\dimen118
\g__intarray_font_int=\count105
\c__fp_leading_shift_int=\count106
\c__fp_middle_shift_int=\count107
\c__fp_trailing_shift_int=\count108
\c__fp_big_leading_shift_int=\count109
\c__fp_big_middle_shift_int=\count110
\c__fp_big_trailing_shift_int=\count111
\c__fp_Bigg_leading_shift_int=\count112
\c__fp_Bigg_middle_shift_int=\count113
\c__fp_Bigg_trailing_shift_int=\count114
\g__fp_array_int=\count115
\l__fp_array_loop_int=\count116
\l__sort_length_int=\count117
\l__sort_min_int=\count118
\l__sort_top_int=\count119
\l__sort_max_int=\count120
\l__sort_true_max_int=\count121
\l__sort_block_int=\count122
\l__sort_begin_int=\count123
\l__sort_end_int=\count124
\l__sort_A_int=\count125
\l__sort_B_int=\count126
\l__sort_C_int=\count127
\l__tl_analysis_normal_int=\count128
\l__tl_analysis_index_int=\count129
\l__tl_analysis_nesting_int=\count130
\l__tl_analysis_type_int=\count131
\l__regex_internal_a_int=\count132
\l__regex_internal_b_int=\count133
\l__regex_internal_c_int=\count134
\l__regex_balance_int=\count135
\l__regex_group_level_int=\count136
\l__regex_mode_int=\count137
\c__regex_cs_in_class_mode_int=\count138
\c__regex_cs_mode_int=\count139
\l__regex_catcodes_int=\count140
\l__regex_default_catcodes_int=\count141
\c__regex_catcode_L_int=\count142
\c__regex_catcode_O_int=\count143
\c__regex_catcode_A_int=\count144
\c__regex_all_catcodes_int=\count145
\l__regex_show_lines_int=\count146
\l__regex_min_state_int=\count147
\l__regex_max_state_int=\count148
\l__regex_left_state_int=\count149
\l__regex_right_state_int=\count150
\l__regex_capturing_group_int=\count151
\l__regex_min_pos_int=\count152
\l__regex_max_pos_int=\count153
\l__regex_curr_pos_int=\count154
\l__regex_start_pos_int=\count155
\l__regex_success_pos_int=\count156
\l__regex_curr_char_int=\count157
\l__regex_curr_catcode_int=\count158
\l__regex_last_char_int=\count159
\l__regex_case_changed_char_int=\count160
\l__regex_curr_state_int=\count161
\l__regex_step_int=\count162
\l__regex_min_active_int=\count163
\l__regex_max_active_int=\count164
\l__regex_replacement_csnames_int=\count165
\l__regex_match_count_int=\count166
\l__regex_min_submatch_int=\count167
\l__regex_submatch_int=\count168
\l__regex_zeroth_submatch_int=\count169
\g__regex_trace_regex_int=\count170
\c_empty_box=\box27
\l_tmpa_box=\box28
\l_tmpb_box=\box29
\g_tmpa_box=\box30
\g_tmpb_box=\box31
\l__box_top_dim=\dimen119
\l__box_bottom_dim=\dimen120
\l__box_left_dim=\dimen121
\l__box_right_dim=\dimen122
\l__box_top_new_dim=\dimen123
\l__box_bottom_new_dim=\dimen124
\l__box_left_new_dim=\dimen125
\l__box_right_new_dim=\dimen126
\l__box_internal_box=\box32
\l__coffin_internal_box=\box33
\l__coffin_internal_dim=\dimen127
\l__coffin_offset_x_dim=\dimen128
\l__coffin_offset_y_dim=\dimen129
\l__coffin_x_dim=\dimen130
\l__coffin_y_dim=\dimen131
\l__coffin_x_prime_dim=\dimen132
\l__coffin_y_prime_dim=\dimen133
\c_empty_coffin=\box34
\l__coffin_aligned_coffin=\box35
\l__coffin_aligned_internal_coffin=\box36
\l_tmpa_coffin=\box37
\l_tmpb_coffin=\box38
\g_tmpa_coffin=\box39
\g_tmpb_coffin=\box40
\l__coffin_bounding_shift_dim=\dimen134
\l__coffin_left_corner_dim=\dimen135
\l__coffin_right_corner_dim=\dimen136
\l__coffin_bottom_corner_dim=\dimen137
\l__coffin_top_corner_dim=\dimen138
\l__coffin_scaled_total_height_dim=\dimen139
\l__coffin_scaled_width_dim=\dimen140
\c__coffin_empty_coffin=\box41
\l__coffin_display_coffin=\box42
\l__coffin_display_coord_coffin=\box43
\l__coffin_display_pole_coffin=\box44
\l__coffin_display_offset_dim=\dimen141
\l__coffin_display_x_dim=\dimen142
\l__coffin_display_y_dim=\dimen143
\g__file_internal_ior=\read1
\l__seq_internal_a_int=\count171
\l__seq_internal_b_int=\count172
\c__deprecation_minus_one=\count173
)
(d:/Program/texlive/2019/texmf-dist/tex/latex/l3kernel/l3xdvipdfmx.def
File: l3xdvipdfmx.def 2019-04-06 v L3 Experimental driver: xdvipdfmx
\g__driver_image_int=\count174
\g__driver_pdf_object_int=\count175
))
Package: xparse 2019-03-05 L3 Experimental document command parser
\l__xparse_current_arg_int=\count176
\g__xparse_grabber_int=\count177
\l__xparse_m_args_int=\count178
\l__xparse_v_nesting_int=\count179
)
Package: fontspec 2019/03/15 v2.7c Font selection for XeLaTeX and LuaLaTeX

(d:/Program/texlive/2019/texmf-dist/tex/latex/fontspec/fontspec-xetex.sty
Package: fontspec-xetex 2019/03/15 v2.7c Font selection for XeLaTeX and LuaLaTe
X
\l__fontspec_script_int=\count180
\l__fontspec_language_int=\count181
\l__fontspec_strnum_int=\count182
\l__fontspec_tmp_int=\count183
\l__fontspec_tmpa_int=\count184
\l__fontspec_tmpb_int=\count185
\l__fontspec_tmpc_int=\count186
\l__fontspec_em_int=\count187
\l__fontspec_emdef_int=\count188
\l__fontspec_strong_int=\count189
\l__fontspec_strongdef_int=\count190
\l__fontspec_tmpa_dim=\dimen144
\l__fontspec_tmpb_dim=\dimen145
\l__fontspec_tmpc_dim=\dimen146

(d:/Program/texlive/2019/texmf-dist/tex/latex/base/fontenc.sty
Package: fontenc 2018/08/11 v2.0j Standard LaTeX package

(d:/Program/texlive/2019/texmf-dist/tex/latex/base/tuenc.def
File: tuenc.def 2018/08/11 v2.0j Standard LaTeX file
LaTeX Font Info:    Redeclaring font encoding TU on input line 82.
))
(d:/Program/texlive/2019/texmf-dist/tex/latex/fontspec/fontspec.cfg)
LaTeX Info: Redefining \itshape on input line 4051.
LaTeX Info: Redefining \slshape on input line 4056.
LaTeX Info: Redefining \scshape on input line 4061.
LaTeX Info: Redefining \upshape on input line 4066.
LaTeX Info: Redefining \em on input line 4096.
LaTeX Info: Redefining \emph on input line 4121.
))

Package fontspec Info: Could not resolve font "FontAwesome/BI" (it probably
(fontspec)             doesn't exist).


Package fontspec Info: Could not resolve font "FontAwesome/B" (it probably
(fontspec)             doesn't exist).


Package fontspec Info: Could not resolve font "FontAwesome/I" (it probably
(fontspec)             doesn't exist).


Package fontspec Info: Font family 'FontAwesome(0)' created for font
(fontspec)             'FontAwesome' with options [].
(fontspec)              
(fontspec)              This font family consists of the following NFSS
(fontspec)             series/shapes:
(fontspec)              
(fontspec)             - 'normal' (m/n) with NFSS spec.: <->"FontAwesome/OT"
(fontspec)             - 'small caps'  (m/sc) with NFSS spec.: 


(d:/Program/texlive/2019/texmf-dist/tex/latex/fontawesome/fontawesomesymbols-xe
luatex.tex)) (d:/Program/texlive/2019/texmf-dist/tex/latex/xcolor/xcolor.sty
Package: xcolor 2016/05/11 v2.12 LaTeX color extensions (UK)

(d:/Program/texlive/2019/texmf-dist/tex/latex/graphics-cfg/color.cfg
File: color.cfg 2016/01/02 v1.6 sample color configuration
)
Package xcolor Info: Driver file: xetex.def on input line 225.

(d:/Program/texlive/2019/texmf-dist/tex/latex/graphics-def/xetex.def
File: xetex.def 2017/06/24 v5.0h Graphics/color driver for xetex
)
Package xcolor Info: Model `cmy' substituted by `cmy0' on input line 1348.
Package xcolor Info: Model `RGB' extended on input line 1364.
Package xcolor Info: Model `HTML' substituted by `rgb' on input line 1366.
Package xcolor Info: Model `Hsb' substituted by `hsb' on input line 1367.
Package xcolor Info: Model `tHsb' substituted by `hsb' on input line 1368.
Package xcolor Info: Model `HSB' substituted by `hsb' on input line 1369.
Package xcolor Info: Model `Gray' substituted by `gray' on input line 1370.
Package xcolor Info: Model `wave' substituted by `hsb' on input line 1371.
)
(d:/Program/texlive/2019/texmf-dist/tex/latex/pgf/frontendlayer/tikz.sty
(d:/Program/texlive/2019/texmf-dist/tex/latex/pgf/basiclayer/pgf.sty
(d:/Program/texlive/2019/texmf-dist/tex/latex/pgf/utilities/pgfrcs.sty
(d:/Program/texlive/2019/texmf-dist/tex/generic/pgf/utilities/pgfutil-common.te
x
\pgfutil@everybye=\toks16
\pgfutil@tempdima=\dimen147
\pgfutil@tempdimb=\dimen148

(d:/Program/texlive/2019/texmf-dist/tex/generic/pgf/utilities/pgfutil-common-li
sts.tex))
(d:/Program/texlive/2019/texmf-dist/tex/generic/pgf/utilities/pgfutil-latex.def
\pgfutil@abb=\box45
(d:/Program/texlive/2019/texmf-dist/tex/latex/ms/everyshi.sty
Package: everyshi 2001/05/15 v3.00 EveryShipout Package (MS)
))
(d:/Program/texlive/2019/texmf-dist/tex/generic/pgf/utilities/pgfrcs.code.tex
(d:/Program/texlive/2019/texmf-dist/tex/generic/pgf/pgf.revision.tex)
Package: pgfrcs 2019/02/02 v3.1.1 (3.1.1)
))
Package: pgf 2019/02/02 v3.1.1 (3.1.1)

(d:/Program/texlive/2019/texmf-dist/tex/latex/pgf/basiclayer/pgfcore.sty
(d:/Program/texlive/2019/texmf-dist/tex/latex/graphics/graphicx.sty
Package: graphicx 2017/06/01 v1.1a Enhanced LaTeX Graphics (DPC,SPQR)

(d:/Program/texlive/2019/texmf-dist/tex/latex/graphics/graphics.sty
Package: graphics 2017/06/25 v1.2c Standard LaTeX Graphics (DPC,SPQR)

(d:/Program/texlive/2019/texmf-dist/tex/latex/graphics/trig.sty
Package: trig 2016/01/03 v1.10 sin cos tan (DPC)
)
(d:/Program/texlive/2019/texmf-dist/tex/latex/graphics-cfg/graphics.cfg
File: graphics.cfg 2016/06/04 v1.11 sample graphics configuration
)
Package graphics Info: Driver file: xetex.def on input line 99.
)
\Gin@req@height=\dimen149
\Gin@req@width=\dimen150
)
(d:/Program/texlive/2019/texmf-dist/tex/latex/pgf/systemlayer/pgfsys.sty
(d:/Program/texlive/2019/texmf-dist/tex/generic/pgf/systemlayer/pgfsys.code.tex
Package: pgfsys 2019/02/02 v3.1.1 (3.1.1)
(d:/Program/texlive/2019/texmf-dist/tex/generic/pgf/utilities/pgfkeys.code.tex
\pgfkeys@pathtoks=\toks17
\pgfkeys@temptoks=\toks18

(d:/Program/texlive/2019/texmf-dist/tex/generic/pgf/utilities/pgfkeysfiltered.c
ode.tex
\pgfkeys@tmptoks=\toks19
))
\pgf@x=\dimen151
\pgf@y=\dimen152
\pgf@xa=\dimen153
\pgf@ya=\dimen154
\pgf@xb=\dimen155
\pgf@yb=\dimen156
\pgf@xc=\dimen157
\pgf@yc=\dimen158
\w@pgf@writea=\write3
\r@pgf@reada=\read2
\c@pgf@counta=\count191
\c@pgf@countb=\count192
\c@pgf@countc=\count193
\c@pgf@countd=\count194
\t@pgf@toka=\toks20
\t@pgf@tokb=\toks21
\t@pgf@tokc=\toks22
\pgf@sys@id@count=\count195

(d:/Program/texlive/2019/texmf-dist/tex/generic/pgf/systemlayer/pgf.cfg
File: pgf.cfg 2019/02/02 v3.1.1 (3.1.1)
)
Driver file for pgf: pgfsys-xetex.def

(d:/Program/texlive/2019/texmf-dist/tex/generic/pgf/systemlayer/pgfsys-xetex.de
f
File: pgfsys-xetex.def 2019/02/02 v3.1.1 (3.1.1)

(d:/Program/texlive/2019/texmf-dist/tex/generic/pgf/systemlayer/pgfsys-dvipdfmx
.def
File: pgfsys-dvipdfmx.def 2019/02/02 v3.1.1 (3.1.1)

(d:/Program/texlive/2019/texmf-dist/tex/generic/pgf/systemlayer/pgfsys-common-p
df.def
File: pgfsys-common-pdf.def 2019/02/02 v3.1.1 (3.1.1)
)
\pgfsys@objnum=\count196
)))
(d:/Program/texlive/2019/texmf-dist/tex/generic/pgf/systemlayer/pgfsyssoftpath.
code.tex
File: pgfsyssoftpath.code.tex 2019/02/02 v3.1.1 (3.1.1)
\pgfsyssoftpath@smallbuffer@items=\count197
\pgfsyssoftpath@bigbuffer@items=\count198
)
(d:/Program/texlive/2019/texmf-dist/tex/generic/pgf/systemlayer/pgfsysprotocol.
code.tex
File: pgfsysprotocol.code.tex 2019/02/02 v3.1.1 (3.1.1)
))
(d:/Program/texlive/2019/texmf-dist/tex/generic/pgf/basiclayer/pgfcore.code.tex
Package: pgfcore 2019/02/02 v3.1.1 (3.1.1)
(d:/Program/texlive/2019/texmf-dist/tex/generic/pgf/math/pgfmath.code.tex
(d:/Program/texlive/2019/texmf-dist/tex/generic/pgf/math/pgfmathcalc.code.tex
(d:/Program/texlive/2019/texmf-dist/tex/generic/pgf/math/pgfmathutil.code.tex)
(d:/Program/texlive/2019/texmf-dist/tex/generic/pgf/math/pgfmathparser.code.tex
\pgfmath@dimen=\dimen159
\pgfmath@count=\count199
\pgfmath@box=\box46
\pgfmath@toks=\toks23
\pgfmath@stack@operand=\toks24
\pgfmath@stack@operation=\toks25
)
(d:/Program/texlive/2019/texmf-dist/tex/generic/pgf/math/pgfmathfunctions.code.
tex
(d:/Program/texlive/2019/texmf-dist/tex/generic/pgf/math/pgfmathfunctions.basic
.code.tex)
(d:/Program/texlive/2019/texmf-dist/tex/generic/pgf/math/pgfmathfunctions.trigo
nometric.code.tex)
(d:/Program/texlive/2019/texmf-dist/tex/generic/pgf/math/pgfmathfunctions.rando
m.code.tex)
(d:/Program/texlive/2019/texmf-dist/tex/generic/pgf/math/pgfmathfunctions.compa
rison.code.tex)
(d:/Program/texlive/2019/texmf-dist/tex/generic/pgf/math/pgfmathfunctions.base.
code.tex)
(d:/Program/texlive/2019/texmf-dist/tex/generic/pgf/math/pgfmathfunctions.round
.code.tex)
(d:/Program/texlive/2019/texmf-dist/tex/generic/pgf/math/pgfmathfunctions.misc.
code.tex)
(d:/Program/texlive/2019/texmf-dist/tex/generic/pgf/math/pgfmathfunctions.integ
erarithmetics.code.tex)))
(d:/Program/texlive/2019/texmf-dist/tex/generic/pgf/math/pgfmathfloat.code.tex
\c@pgfmathroundto@lastzeros=\count266
))
(d:/Program/texlive/2019/texmf-dist/tex/generic/pgf/basiclayer/pgfcorepoints.co
de.tex
File: pgfcorepoints.code.tex 2019/02/02 v3.1.1 (3.1.1)
\pgf@picminx=\dimen160
\pgf@picmaxx=\dimen161
\pgf@picminy=\dimen162
\pgf@picmaxy=\dimen163
\pgf@pathminx=\dimen164
\pgf@pathmaxx=\dimen165
\pgf@pathminy=\dimen166
\pgf@pathmaxy=\dimen167
\pgf@xx=\dimen168
\pgf@xy=\dimen169
\pgf@yx=\dimen170
\pgf@yy=\dimen171
\pgf@zx=\dimen172
\pgf@zy=\dimen173
)
(d:/Program/texlive/2019/texmf-dist/tex/generic/pgf/basiclayer/pgfcorepathconst
ruct.code.tex
File: pgfcorepathconstruct.code.tex 2019/02/02 v3.1.1 (3.1.1)
\pgf@path@lastx=\dimen174
\pgf@path@lasty=\dimen175
)
(d:/Program/texlive/2019/texmf-dist/tex/generic/pgf/basiclayer/pgfcorepathusage
.code.tex
File: pgfcorepathusage.code.tex 2019/02/02 v3.1.1 (3.1.1)
\pgf@shorten@end@additional=\dimen176
\pgf@shorten@start@additional=\dimen177
)
(d:/Program/texlive/2019/texmf-dist/tex/generic/pgf/basiclayer/pgfcorescopes.co
de.tex
File: pgfcorescopes.code.tex 2019/02/02 v3.1.1 (3.1.1)
\pgfpic=\box47
\pgf@hbox=\box48
\pgf@layerbox@main=\box49
\pgf@picture@serial@count=\count267
)
(d:/Program/texlive/2019/texmf-dist/tex/generic/pgf/basiclayer/pgfcoregraphicst
ate.code.tex
File: pgfcoregraphicstate.code.tex 2019/02/02 v3.1.1 (3.1.1)
\pgflinewidth=\dimen178
)
(d:/Program/texlive/2019/texmf-dist/tex/generic/pgf/basiclayer/pgfcoretransform
ations.code.tex
File: pgfcoretransformations.code.tex 2019/02/02 v3.1.1 (3.1.1)
\pgf@pt@x=\dimen179
\pgf@pt@y=\dimen180
\pgf@pt@temp=\dimen181
)
(d:/Program/texlive/2019/texmf-dist/tex/generic/pgf/basiclayer/pgfcorequick.cod
e.tex
File: pgfcorequick.code.tex 2019/02/02 v3.1.1 (3.1.1)
)
(d:/Program/texlive/2019/texmf-dist/tex/generic/pgf/basiclayer/pgfcoreobjects.c
ode.tex
File: pgfcoreobjects.code.tex 2019/02/02 v3.1.1 (3.1.1)
)
(d:/Program/texlive/2019/texmf-dist/tex/generic/pgf/basiclayer/pgfcorepathproce
ssing.code.tex
File: pgfcorepathprocessing.code.tex 2019/02/02 v3.1.1 (3.1.1)
)
(d:/Program/texlive/2019/texmf-dist/tex/generic/pgf/basiclayer/pgfcorearrows.co
de.tex
File: pgfcorearrows.code.tex 2019/02/02 v3.1.1 (3.1.1)
\pgfarrowsep=\dimen182
)
(d:/Program/texlive/2019/texmf-dist/tex/generic/pgf/basiclayer/pgfcoreshade.cod
e.tex
File: pgfcoreshade.code.tex 2019/02/02 v3.1.1 (3.1.1)
\pgf@max=\dimen183
\pgf@sys@shading@range@num=\count268
)
(d:/Program/texlive/2019/texmf-dist/tex/generic/pgf/basiclayer/pgfcoreimage.cod
e.tex
File: pgfcoreimage.code.tex 2019/02/02 v3.1.1 (3.1.1)

(d:/Program/texlive/2019/texmf-dist/tex/generic/pgf/basiclayer/pgfcoreexternal.
code.tex
File: pgfcoreexternal.code.tex 2019/02/02 v3.1.1 (3.1.1)
\pgfexternal@startupbox=\box50
))
(d:/Program/texlive/2019/texmf-dist/tex/generic/pgf/basiclayer/pgfcorelayers.co
de.tex
File: pgfcorelayers.code.tex 2019/02/02 v3.1.1 (3.1.1)
)
(d:/Program/texlive/2019/texmf-dist/tex/generic/pgf/basiclayer/pgfcoretranspare
ncy.code.tex
File: pgfcoretransparency.code.tex 2019/02/02 v3.1.1 (3.1.1)
)
(d:/Program/texlive/2019/texmf-dist/tex/generic/pgf/basiclayer/pgfcorepatterns.
code.tex
File: pgfcorepatterns.code.tex 2019/02/02 v3.1.1 (3.1.1)
)
(d:/Program/texlive/2019/texmf-dist/tex/generic/pgf/basiclayer/pgfcorerdf.code.
tex
File: pgfcorerdf.code.tex 2019/02/02 v3.1.1 (3.1.1)
)))
(d:/Program/texlive/2019/texmf-dist/tex/generic/pgf/modules/pgfmoduleshapes.cod
e.tex
File: pgfmoduleshapes.code.tex 2019/02/02 v3.1.1 (3.1.1)
\pgfnodeparttextbox=\box51
)
(d:/Program/texlive/2019/texmf-dist/tex/generic/pgf/modules/pgfmoduleplot.code.
tex
File: pgfmoduleplot.code.tex 2019/02/02 v3.1.1 (3.1.1)
)
(d:/Program/texlive/2019/texmf-dist/tex/latex/pgf/compatibility/pgfcomp-version
-0-65.sty
Package: pgfcomp-version-0-65 2019/02/02 v3.1.1 (3.1.1)
\pgf@nodesepstart=\dimen184
\pgf@nodesepend=\dimen185
)
(d:/Program/texlive/2019/texmf-dist/tex/latex/pgf/compatibility/pgfcomp-version
-1-18.sty
Package: pgfcomp-version-1-18 2019/02/02 v3.1.1 (3.1.1)
))
(d:/Program/texlive/2019/texmf-dist/tex/latex/pgf/utilities/pgffor.sty
(d:/Program/texlive/2019/texmf-dist/tex/latex/pgf/utilities/pgfkeys.sty
(d:/Program/texlive/2019/texmf-dist/tex/generic/pgf/utilities/pgfkeys.code.tex)
) (d:/Program/texlive/2019/texmf-dist/tex/latex/pgf/math/pgfmath.sty
(d:/Program/texlive/2019/texmf-dist/tex/generic/pgf/math/pgfmath.code.tex))
(d:/Program/texlive/2019/texmf-dist/tex/generic/pgf/utilities/pgffor.code.tex
Package: pgffor 2019/02/02 v3.1.1 (3.1.1)

(d:/Program/texlive/2019/texmf-dist/tex/generic/pgf/math/pgfmath.code.tex)
\pgffor@iter=\dimen186
\pgffor@skip=\dimen187
\pgffor@stack=\toks26
\pgffor@toks=\toks27
))
(d:/Program/texlive/2019/texmf-dist/tex/generic/pgf/frontendlayer/tikz/tikz.cod
e.tex
Package: tikz 2019/02/02 v3.1.1 (3.1.1)

(d:/Program/texlive/2019/texmf-dist/tex/generic/pgf/libraries/pgflibraryplothan
dlers.code.tex
File: pgflibraryplothandlers.code.tex 2019/02/02 v3.1.1 (3.1.1)
\pgf@plot@mark@count=\count269
\pgfplotmarksize=\dimen188
)
\tikz@lastx=\dimen189
\tikz@lasty=\dimen190
\tikz@lastxsaved=\dimen191
\tikz@lastysaved=\dimen192
\tikzleveldistance=\dimen193
\tikzsiblingdistance=\dimen194
\tikz@figbox=\box52
\tikz@figbox@bg=\box53
\tikz@tempbox=\box54
\tikz@tempbox@bg=\box55
\tikztreelevel=\count270
\tikznumberofchildren=\count271
\tikznumberofcurrentchild=\count272
\tikz@fig@count=\count273

(d:/Program/texlive/2019/texmf-dist/tex/generic/pgf/modules/pgfmodulematrix.cod
e.tex
File: pgfmodulematrix.code.tex 2019/02/02 v3.1.1 (3.1.1)
\pgfmatrixcurrentrow=\count274
\pgfmatrixcurrentcolumn=\count275
\pgf@matrix@numberofcolumns=\count276
)
\tikz@expandcount=\count277

(d:/Program/texlive/2019/texmf-dist/tex/generic/pgf/frontendlayer/tikz/librarie
s/tikzlibrarytopaths.code.tex
File: tikzlibrarytopaths.code.tex 2019/02/02 v3.1.1 (3.1.1)
)))
(d:/Program/texlive/2019/texmf-dist/tex/generic/pgf/frontendlayer/tikz/librarie
s/tikzlibraryarrows.code.tex
File: tikzlibraryarrows.code.tex 2019/02/02 v3.1.1 (3.1.1)

(d:/Program/texlive/2019/texmf-dist/tex/generic/pgf/libraries/pgflibraryarrows.
code.tex
File: pgflibraryarrows.code.tex 2019/02/02 v3.1.1 (3.1.1)
\arrowsize=\dimen195
))
(d:/Program/texlive/2019/texmf-dist/tex/latex/tcolorbox/tcolorbox.sty
Package: tcolorbox 2019/03/02 version 4.20 text color boxes

(d:/Program/texlive/2019/texmf-dist/tex/latex/tools/verbatim.sty
Package: verbatim 2014/10/28 v1.5q LaTeX2e package for verbatim enhancements
\every@verbatim=\toks28
\verbatim@line=\toks29
\verbatim@in@stream=\read3
)
(d:/Program/texlive/2019/texmf-dist/tex/latex/environ/environ.sty
Package: environ 2014/05/04 v0.3 A new way to define environments

(d:/Program/texlive/2019/texmf-dist/tex/latex/trimspaces/trimspaces.sty
Package: trimspaces 2009/09/17 v1.1 Trim spaces around a token list
)
\@envbody=\toks30
)
(d:/Program/texlive/2019/texmf-dist/tex/latex/etoolbox/etoolbox.sty
Package: etoolbox 2018/08/19 v2.5f e-TeX tools for LaTeX (JAW)
\etb@tempcnta=\count278
)
\tcb@titlebox=\box56
\tcb@upperbox=\box57
\tcb@lowerbox=\box58
\tcb@phantombox=\box59
\c@tcbbreakpart=\count279
\c@tcblayer=\count280
\tcolorbox@number=\count281
\tcb@temp=\box60
\tcb@temp=\box61
\tcb@temp=\box62
\tcb@temp=\box63
\tcb@out=\write4
\tcb@record@out=\write5

(d:/Program/texlive/2019/texmf-dist/tex/latex/tcolorbox/tcbskins.code.tex
Library (tcolorbox): 'tcbskins.code.tex' version '4.20'
\tcb@waterbox=\box64

(d:/Program/texlive/2019/texmf-dist/tex/latex/tcolorbox/tcbskinsjigsaw.code.tex
Library (tcolorbox): 'tcbskinsjigsaw.code.tex' version '4.20'
))) (d:/Program/texlive/2019/texmf-dist/tex/latex/enumitem/enumitem.sty
Package: enumitem 2019/02/04 v3.8 Customized lists
\labelindent=\skip49
\enit@outerparindent=\dimen196
\enit@toks=\toks31
\enit@inbox=\box65
\enit@count@id=\count282
\enitdp@description=\count283
)
(d:/Program/texlive/2019/texmf-dist/tex/latex/dashrule/dashrule.sty
Package: dashrule 2013/03/28 v1.3 Dashed rules

(d:/Program/texlive/2019/texmf-dist/tex/latex/ifmtarg/ifmtarg.sty
Package: ifmtarg 2018/04/16 v1.2b check for an empty argument
)
\c@hdr@segments=\count284
)
(d:/Program/texlive/2019/texmf-dist/tex/latex/multirow/multirow.sty
Package: multirow 2019/01/01 v2.4 Span multiple rows of a table
\multirow@colwidth=\skip50
\multirow@cntb=\count285
\multirow@dima=\skip51
\bigstrutjot=\dimen197
)
(d:/Program/texlive/2019/texmf-dist/tex/latex/tools/tabularx.sty
Package: tabularx 2016/02/03 v2.11b `tabularx' package (DPC)

(d:/Program/texlive/2019/texmf-dist/tex/latex/tools/array.sty
Package: array 2018/12/30 v2.4k Tabular extension package (FMi)
\col@sep=\dimen198
\ar@mcellbox=\box66
\extrarowheight=\dimen199
\NC@list=\toks32
\extratabsurround=\skip52
\backup@length=\skip53
\ar@cellbox=\box67
)
\TX@col@width=\dimen256
\TX@old@table=\dimen257
\TX@old@col=\dimen258
\TX@target=\dimen259
\TX@delta=\dimen260
\TX@cols=\count286
\TX@ftn=\toks33
)
(d:/Program/texlive/2019/texmf-dist/tex/latex/changepage/changepage.sty
Package: changepage 2009/10/20 v1.0c check page and change page layout
\c@cp@cntr=\count287
\cp@tempcnt=\count288
)
(d:/Program/texlive/2019/texmf-dist/tex/latex/biblatex/biblatex.sty
Package: biblatex 2018/11/02 v3.12 programmable bibliographies (PK/MW)

(d:/Program/texlive/2019/texmf-dist/tex/generic/oberdiek/pdftexcmds.sty
Package: pdftexcmds 2018/09/10 v0.29 Utility functions of pdfTeX for LuaTeX (HO
)

(d:/Program/texlive/2019/texmf-dist/tex/generic/oberdiek/infwarerr.sty
Package: infwarerr 2016/05/16 v1.4 Providing info/warning/error messages (HO)
)
(d:/Program/texlive/2019/texmf-dist/tex/generic/oberdiek/ltxcmds.sty
Package: ltxcmds 2016/05/16 v1.23 LaTeX kernel commands for general use (HO)
)
Package pdftexcmds Info: LuaTeX not detected.
Package pdftexcmds Info: pdfTeX >= 1.30 not detected.
Package pdftexcmds Info: \pdf@primitive is available.
Package pdftexcmds Info: \pdf@ifprimitive is available.
Package pdftexcmds Info: \pdfdraftmode not found.
)
(d:/Program/texlive/2019/texmf-dist/tex/latex/oberdiek/kvoptions.sty
Package: kvoptions 2016/05/16 v3.12 Key value format for package options (HO)

(d:/Program/texlive/2019/texmf-dist/tex/generic/oberdiek/kvsetkeys.sty
Package: kvsetkeys 2016/05/16 v1.17 Key value parser (HO)

(d:/Program/texlive/2019/texmf-dist/tex/generic/oberdiek/etexcmds.sty
Package: etexcmds 2016/05/16 v1.6 Avoid name clashes with e-TeX commands (HO)
)))
(d:/Program/texlive/2019/texmf-dist/tex/latex/logreq/logreq.sty
Package: logreq 2010/08/04 v1.0 xml request logger
\lrq@indent=\count289

(d:/Program/texlive/2019/texmf-dist/tex/latex/logreq/logreq.def
File: logreq.def 2010/08/04 v1.0 logreq spec v1.0
))
(d:/Program/texlive/2019/texmf-dist/tex/latex/base/ifthen.sty
Package: ifthen 2014/09/29 v1.1c Standard LaTeX ifthen package (DPC)
)
(d:/Program/texlive/2019/texmf-dist/tex/latex/url/url.sty
\Urlmuskip=\muskip16
Package: url 2013/09/16  ver 3.4  Verb mode for urls, etc.
)
\c@tabx@nest=\count290
\c@listtotal=\count291
\c@listcount=\count292
\c@liststart=\count293
\c@liststop=\count294
\c@citecount=\count295
\c@citetotal=\count296
\c@multicitecount=\count297
\c@multicitetotal=\count298
\c@instcount=\count299
\c@maxnames=\count300
\c@minnames=\count301
\c@maxitems=\count302
\c@minitems=\count303
\c@citecounter=\count304
\c@maxcitecounter=\count305
\c@savedcitecounter=\count306
\c@uniquelist=\count307
\c@uniquename=\count308
\c@refsection=\count309
\c@refsegment=\count310
\c@maxextratitle=\count311
\c@maxextratitleyear=\count312
\c@maxextraname=\count313
\c@maxextradate=\count314
\c@maxextraalpha=\count315
\c@abbrvpenalty=\count316
\c@highnamepenalty=\count317
\c@lownamepenalty=\count318
\c@maxparens=\count319
\c@parenlevel=\count320
\blx@tempcnta=\count321
\blx@tempcntb=\count322
\blx@tempcntc=\count323
\blx@maxsection=\count324
\blx@maxsegment@0=\count325
\blx@notetype=\count326
\blx@parenlevel@text=\count327
\blx@parenlevel@foot=\count328
\blx@sectionciteorder@0=\count329
\blx@entrysetcounter=\count330
\labelnumberwidth=\skip54
\labelalphawidth=\skip55
\biblabelsep=\skip56
\bibitemsep=\skip57
\bibnamesep=\skip58
\bibinitsep=\skip59
\bibparsep=\skip60
\bibhang=\skip61
\blx@bcfin=\read4
\blx@bcfout=\write6
\c@mincomprange=\count331
\c@maxcomprange=\count332
\c@mincompwidth=\count333
Package biblatex Info: Trying to load biblatex default data model...
Package biblatex Info: ... file 'blx-dm.def' found.

(d:/Program/texlive/2019/texmf-dist/tex/latex/biblatex/blx-dm.def
File: blx-dm.def 2018/11/02 v3.12 biblatex localization (PK/MW)
)
Package biblatex Info: Trying to load biblatex style data model...
Package biblatex Info: ... file 'authoryear.dbx' not found.
Package biblatex Info: Trying to load biblatex custom data model...
Package biblatex Info: ... file 'biblatex-dm.cfg' not found.
\c@afterword=\count334
\c@savedafterword=\count335
\c@annotator=\count336
\c@savedannotator=\count337
\c@author=\count338
\c@savedauthor=\count339
\c@bookauthor=\count340
\c@savedbookauthor=\count341
\c@commentator=\count342
\c@savedcommentator=\count343
\c@editor=\count344
\c@savededitor=\count345
\c@editora=\count346
\c@savededitora=\count347
\c@editorb=\count348
\c@savededitorb=\count349
\c@editorc=\count350
\c@savededitorc=\count351
\c@foreword=\count352
\c@savedforeword=\count353
\c@holder=\count354
\c@savedholder=\count355
\c@introduction=\count356
\c@savedintroduction=\count357
\c@namea=\count358
\c@savednamea=\count359
\c@nameb=\count360
\c@savednameb=\count361
\c@namec=\count362
\c@savednamec=\count363
\c@translator=\count364
\c@savedtranslator=\count365
\c@shortauthor=\count366
\c@savedshortauthor=\count367
\c@shorteditor=\count368
\c@savedshorteditor=\count369
\c@labelname=\count370
\c@savedlabelname=\count371
\c@institution=\count372
\c@savedinstitution=\count373
\c@lista=\count374
\c@savedlista=\count375
\c@listb=\count376
\c@savedlistb=\count377
\c@listc=\count378
\c@savedlistc=\count379
\c@listd=\count380
\c@savedlistd=\count381
\c@liste=\count382
\c@savedliste=\count383
\c@listf=\count384
\c@savedlistf=\count385
\c@location=\count386
\c@savedlocation=\count387
\c@organization=\count388
\c@savedorganization=\count389
\c@origlocation=\count390
\c@savedoriglocation=\count391
\c@origpublisher=\count392
\c@savedorigpublisher=\count393
\c@publisher=\count394
\c@savedpublisher=\count395
\c@language=\count396
\c@savedlanguage=\count397
\c@origlanguage=\count398
\c@savedoriglanguage=\count399
\c@pageref=\count400
\c@savedpageref=\count401
\shorthandwidth=\skip62
\shortjournalwidth=\skip63
\shortserieswidth=\skip64
\shorttitlewidth=\skip65
\shortauthorwidth=\skip66
\shorteditorwidth=\skip67
\locallabelnumberwidth=\skip68
\locallabelalphawidth=\skip69
\localshorthandwidth=\skip70
\localshortjournalwidth=\skip71
\localshortserieswidth=\skip72
\localshorttitlewidth=\skip73
\localshortauthorwidth=\skip74
\localshorteditorwidth=\skip75
Package biblatex Info: Trying to load enhanced support for Unicode engines...
Package biblatex Info: ... file 'blx-unicode.def' found.

(d:/Program/texlive/2019/texmf-dist/tex/latex/biblatex/blx-unicode.def)
Package biblatex Info: Trying to load compatibility code...
Package biblatex Info: ... file 'blx-compat.def' found.

(d:/Program/texlive/2019/texmf-dist/tex/latex/biblatex/blx-compat.def
File: blx-compat.def 2018/11/02 v3.12 biblatex compatibility (PK/MW)
)
Package biblatex Info: Trying to load generic definitions...
Package biblatex Info: ... file 'biblatex.def' found.

(d:/Program/texlive/2019/texmf-dist/tex/latex/biblatex/biblatex.def
File: biblatex.def 2018/11/02 v3.12 biblatex compatibility (PK/MW)
\c@textcitecount=\count402
\c@textcitetotal=\count403
\c@textcitemaxnames=\count404
\c@biburlnumpenalty=\count405
\c@biburlucpenalty=\count406
\c@biburllcpenalty=\count407
\c@smartand=\count408
)
Package biblatex Info: Trying to load bibliography style 'authoryear'...
Package biblatex Info: ... file 'authoryear.bbx' found.

(d:/Program/texlive/2019/texmf-dist/tex/latex/biblatex/bbx/authoryear.bbx
File: authoryear.bbx 2018/11/02 v3.12 biblatex bibliography style (PK/MW)
Package biblatex Info: Trying to load bibliography style 'standard'...
Package biblatex Info: ... file 'standard.bbx' found.

(d:/Program/texlive/2019/texmf-dist/tex/latex/biblatex/bbx/standard.bbx
File: standard.bbx 2018/11/02 v3.12 biblatex bibliography style (PK/MW)
\c@bbx:relatedcount=\count409
\c@bbx:relatedtotal=\count410
))
Package biblatex Info: Trying to load citation style 'authoryear'...
Package biblatex Info: ... file 'authoryear.cbx' found.

(d:/Program/texlive/2019/texmf-dist/tex/latex/biblatex/cbx/authoryear.cbx
File: authoryear.cbx 2018/11/02 v3.12 biblatex citation style (PK/MW)
Package biblatex Info: Redefining '\cite'.
Package biblatex Info: Redefining '\parencite'.
Package biblatex Info: Redefining '\footcite'.
Package biblatex Info: Redefining '\footcitetext'.
Package biblatex Info: Redefining '\smartcite'.
Package biblatex Info: Redefining '\textcite'.
Package biblatex Info: Redefining '\textcites'.
)
Package biblatex Info: Trying to load configuration file...
Package biblatex Info: ... file 'biblatex.cfg' found.

(d:/Program/texlive/2019/texmf-dist/tex/latex/biblatex/biblatex.cfg
File: biblatex.cfg 
))
(d:/Program/texlive/2019/texmf-dist/tex/latex/tools/afterpage.sty
Package: afterpage 2014/10/28 v1.08 After-Page Package (DPC)
\AP@output=\toks34
\AP@partial=\box68
\AP@footins=\box69
))
(d:/Program/texlive/2019/texmf-dist/tex/latex/base/inputenc.sty
Package: inputenc 2018/08/11 v1.3c Input encoding file
\inpenc@prehook=\toks35
\inpenc@posthook=\toks36


Package inputenc Warning: inputenc package ignored with utf8 based engines.

) (d:/Program/texlive/2019/texmf-dist/tex/latex/base/fontenc.sty
Package: fontenc 2018/08/11 v2.0j Standard LaTeX package

(d:/Program/texlive/2019/texmf-dist/tex/latex/base/t1enc.def
File: t1enc.def 2018/08/11 v2.0j Standard LaTeX file
LaTeX Font Info:    Redeclaring font encoding T1 on input line 48.
)
LaTeX Font Info:    Try loading font information for T1+lmr on input line 105.

(d:/Program/texlive/2019/texmf-dist/tex/latex/lm/t1lmr.fd
File: t1lmr.fd 2009/10/30 v1.6 Font defs for Latin Modern
))
(d:/Program/texlive/2019/texmf-dist/tex/latex/lato/lato.sty
Package: lato 2017/10/22 Style file for Lato.

(d:/Program/texlive/2019/texmf-dist/tex/latex/fontaxes/fontaxes.sty
Package: fontaxes 2014/03/23 v1.0d Font selection axes
LaTeX Info: Redefining \upshape on input line 29.
LaTeX Info: Redefining \itshape on input line 31.
LaTeX Info: Redefining \slshape on input line 33.
LaTeX Info: Redefining \scshape on input line 37.
)
(d:/Program/texlive/2019/texmf-dist/tex/latex/xkeyval/xkeyval.sty
Package: xkeyval 2014/12/03 v2.7a package option processing (HA)

(d:/Program/texlive/2019/texmf-dist/tex/generic/xkeyval/xkeyval.tex
(d:/Program/texlive/2019/texmf-dist/tex/generic/xkeyval/xkvutils.tex
\XKV@toks=\toks37
\XKV@tempa@toks=\toks38
)
\XKV@depth=\count411
File: xkeyval.tex 2014/12/03 v2.7a key=value parser (HA)
))
Requested font "Lato" at 11.99997pt
 -> D:/Program/texlive/2019/texmf-dist/fonts/truetype/typoland/lato/Lato-Regula
r.ttf
Requested font "Lato/OT" at 12.0pt
 -> D:/Program/texlive/2019/texmf-dist/fonts/truetype/typoland/lato/Lato-Regula
r.ttf
Requested font "Lato/OT" at 12.00002pt
 -> D:/Program/texlive/2019/texmf-dist/fonts/truetype/typoland/lato/Lato-Regula
r.ttf
Requested font "Lato/BI/OT" at 12.00002pt
 -> D:/Program/texlive/2019/texmf-dist/fonts/truetype/typoland/lato/Lato-BoldIt
alic.ttf
Requested font "Lato/OT" at 12.00002pt
 -> D:/Program/texlive/2019/texmf-dist/fonts/truetype/typoland/lato/Lato-Regula
r.ttf
Requested font "Lato/B/OT" at 12.00002pt
 -> D:/Program/texlive/2019/texmf-dist/fonts/truetype/typoland/lato/Lato-Bold.t
tf
Requested font "Lato/OT" at 12.00002pt
 -> D:/Program/texlive/2019/texmf-dist/fonts/truetype/typoland/lato/Lato-Regula
r.ttf
Requested font "Lato/I/OT" at 12.00002pt
 -> D:/Program/texlive/2019/texmf-dist/fonts/truetype/typoland/lato/Lato-Italic
.ttf
Requested font "Lato Hairline/OT" at 12.0pt
 -> D:/Program/texlive/2019/texmf-dist/fonts/truetype/typoland/lato/Lato-Hairli
ne.ttf
Requested font "Lato Hairline Italic/OT" at 12.0pt
 -> D:/Program/texlive/2019/texmf-dist/fonts/truetype/typoland/lato/Lato-Hairli
neItalic.ttf
Requested font "Lato Thin/OT" at 12.0pt
 -> D:/Program/texlive/2019/texmf-dist/fonts/truetype/typoland/lato/Lato-Thin.t
tf
Requested font "Lato Thin Italic/OT" at 12.0pt
 -> D:/Program/texlive/2019/texmf-dist/fonts/truetype/typoland/lato/Lato-ThinIt
alic.ttf
Requested font "Lato Light/OT" at 12.0pt
 -> D:/Program/texlive/2019/texmf-dist/fonts/truetype/typoland/lato/Lato-Light.
ttf
Requested font "Lato Light Italic/OT" at 12.0pt
 -> D:/Program/texlive/2019/texmf-dist/fonts/truetype/typoland/lato/Lato-LightI
talic.ttf
Requested font "Lato Medium/OT" at 12.0pt
 -> D:/Program/texlive/2019/texmf-dist/fonts/truetype/typoland/lato/Lato-Medium
.ttf
Requested font "Lato Medium Italic/OT" at 12.0pt
 -> D:/Program/texlive/2019/texmf-dist/fonts/truetype/typoland/lato/Lato-Medium
Italic.ttf
Requested font "Lato Semibold/OT" at 12.0pt
 -> D:/Program/texlive/2019/texmf-dist/fonts/truetype/typoland/lato/Lato-Semibo
ld.ttf
Requested font "Lato Semibold Italic/OT" at 12.0pt
 -> D:/Program/texlive/2019/texmf-dist/fonts/truetype/typoland/lato/Lato-Semibo
ldItalic.ttf
Requested font "Lato Heavy/OT" at 12.0pt
 -> D:/Program/texlive/2019/texmf-dist/fonts/truetype/typoland/lato/Lato-Heavy.
ttf
Requested font "Lato Heavy Italic/OT" at 12.0pt
 -> D:/Program/texlive/2019/texmf-dist/fonts/truetype/typoland/lato/Lato-HeavyI
talic.ttf
Requested font "Lato Black/OT" at 12.0pt
 -> D:/Program/texlive/2019/texmf-dist/fonts/truetype/typoland/lato/Lato-Black.
ttf
Requested font "Lato Black Italic/OT" at 12.0pt
 -> D:/Program/texlive/2019/texmf-dist/fonts/truetype/typoland/lato/Lato-BlackI
talic.ttf
Requested font "Lato/OT" at 12.0pt
 -> D:/Program/texlive/2019/texmf-dist/fonts/truetype/typoland/lato/Lato-Regula
r.ttf
Requested font "Lato/OT" at 12.0pt
 -> D:/Program/texlive/2019/texmf-dist/fonts/truetype/typoland/lato/Lato-Regula
r.ttf
Requested font "Lato/B/OT" at 12.0pt
 -> D:/Program/texlive/2019/texmf-dist/fonts/truetype/typoland/lato/Lato-Bold.t
tf
Requested font "Lato/B/OT" at 12.0pt
 -> D:/Program/texlive/2019/texmf-dist/fonts/truetype/typoland/lato/Lato-Bold.t
tf
Requested font "Lato/I/OT" at 12.0pt
 -> D:/Program/texlive/2019/texmf-dist/fonts/truetype/typoland/lato/Lato-Italic
.ttf
Requested font "Lato/I/OT" at 12.0pt
 -> D:/Program/texlive/2019/texmf-dist/fonts/truetype/typoland/lato/Lato-Italic
.ttf
Requested font "Lato/BI/OT" at 12.0pt
 -> D:/Program/texlive/2019/texmf-dist/fonts/truetype/typoland/lato/Lato-BoldIt
alic.ttf
Requested font "Lato/BI/OT" at 12.0pt
 -> D:/Program/texlive/2019/texmf-dist/fonts/truetype/typoland/lato/Lato-BoldIt
alic.ttf

Package fontspec Info: Font family 'lato-TLF' created for font 'Lato' with
(fontspec)             options [Ligatures=Common,Scale=1,FontFace={ul}{n}{Lato
(fontspec)             Hairline},FontFace={ul}{it}{Lato Hairline
(fontspec)             Italic},FontFace={el}{n}{Lato
(fontspec)             Thin},FontFace={el}{it}{Lato Thin
(fontspec)             Italic},FontFace={l}{n}{Lato
(fontspec)             Light},FontFace={l}{it}{Lato Light
(fontspec)             Italic},FontFace={mb}{n}{Lato
(fontspec)             Medium},FontFace={mb}{it}{Lato Medium
(fontspec)             Italic},FontFace={sb}{n}{Lato
(fontspec)             Semibold},FontFace={sb}{it}{Lato Semibold
(fontspec)             Italic},FontFace={eb}{n}{Lato
(fontspec)             Heavy},FontFace={eb}{it}{Lato Heavy
(fontspec)             Italic},FontFace={ub}{n}{Lato
(fontspec)             Black},FontFace={ub}{it}{Lato Black
(fontspec)             Italic},Numbers={Monospaced,Lining},NFSSFamily=lato-TLF]
.
(fontspec)              
(fontspec)              This font family consists of the following NFSS
(fontspec)             series/shapes:
(fontspec)              
(fontspec)             - (ul/n) with NFSS spec.: <->s*[1]"Lato
(fontspec)             Hairline/OT:script=latn;language=DFLT;+liga;+tnum;+lnum;
"
(fontspec)             -  (ul/sc) with NFSS spec.: 
(fontspec)             - (ul/it) with NFSS spec.: <->s*[1]"Lato Hairline
(fontspec)             Italic/OT:script=latn;language=DFLT;+liga;+tnum;+lnum;"
(fontspec)             -  (ul/itsc) with NFSS spec.: 
(fontspec)             - (el/n) with NFSS spec.: <->s*[1]"Lato
(fontspec)             Thin/OT:script=latn;language=DFLT;+liga;+tnum;+lnum;"
(fontspec)             -  (el/sc) with NFSS spec.: 
(fontspec)             - (el/it) with NFSS spec.: <->s*[1]"Lato Thin
(fontspec)             Italic/OT:script=latn;language=DFLT;+liga;+tnum;+lnum;"
(fontspec)             -  (el/itsc) with NFSS spec.: 
(fontspec)             - (l/n) with NFSS spec.: <->s*[1]"Lato
(fontspec)             Light/OT:script=latn;language=DFLT;+liga;+tnum;+lnum;"
(fontspec)             -  (l/sc) with NFSS spec.: 
(fontspec)             - (l/it) with NFSS spec.: <->s*[1]"Lato Light
(fontspec)             Italic/OT:script=latn;language=DFLT;+liga;+tnum;+lnum;"
(fontspec)             -  (l/itsc) with NFSS spec.: 
(fontspec)             - (mb/n) with NFSS spec.: <->s*[1]"Lato
(fontspec)             Medium/OT:script=latn;language=DFLT;+liga;+tnum;+lnum;"
(fontspec)             -  (mb/sc) with NFSS spec.: 
(fontspec)             - (mb/it) with NFSS spec.: <->s*[1]"Lato Medium
(fontspec)             Italic/OT:script=latn;language=DFLT;+liga;+tnum;+lnum;"
(fontspec)             -  (mb/itsc) with NFSS spec.: 
(fontspec)             - (sb/n) with NFSS spec.: <->s*[1]"Lato
(fontspec)             Semibold/OT:script=latn;language=DFLT;+liga;+tnum;+lnum;
"
(fontspec)             -  (sb/sc) with NFSS spec.: 
(fontspec)             - (sb/it) with NFSS spec.: <->s*[1]"Lato Semibold
(fontspec)             Italic/OT:script=latn;language=DFLT;+liga;+tnum;+lnum;"
(fontspec)             -  (sb/itsc) with NFSS spec.: 
(fontspec)             - (eb/n) with NFSS spec.: <->s*[1]"Lato
(fontspec)             Heavy/OT:script=latn;language=DFLT;+liga;+tnum;+lnum;"
(fontspec)             -  (eb/sc) with NFSS spec.: 
(fontspec)             - (eb/it) with NFSS spec.: <->s*[1]"Lato Heavy
(fontspec)             Italic/OT:script=latn;language=DFLT;+liga;+tnum;+lnum;"
(fontspec)             -  (eb/itsc) with NFSS spec.: 
(fontspec)             - (ub/n) with NFSS spec.: <->s*[1]"Lato
(fontspec)             Black/OT:script=latn;language=DFLT;+liga;+tnum;+lnum;"
(fontspec)             -  (ub/sc) with NFSS spec.: 
(fontspec)             - (ub/it) with NFSS spec.: <->s*[1]"Lato Black
(fontspec)             Italic/OT:script=latn;language=DFLT;+liga;+tnum;+lnum;"
(fontspec)             -  (ub/itsc) with NFSS spec.: 
(fontspec)             - 'normal' (m/n) with NFSS spec.:
(fontspec)             <->s*[1]"Lato/OT:script=latn;language=DFLT;+liga;+tnum;+
lnum;"
(fontspec)             - 'small caps'  (m/sc) with NFSS spec.: 
(fontspec)             - 'bold' (bx/n) with NFSS spec.:
(fontspec)             <->s*[1]"Lato/B/OT:script=latn;language=DFLT;+liga;+tnum
;+lnum;"
(fontspec)             - 'bold small caps'  (bx/sc) with NFSS spec.: 
(fontspec)             - 'italic' (m/it) with NFSS spec.:
(fontspec)             <->s*[1]"Lato/I/OT:script=latn;language=DFLT;+liga;+tnum
;+lnum;"
(fontspec)             - 'italic small caps'  (m/itsc) with NFSS spec.: 
(fontspec)             - 'bold italic' (bx/it) with NFSS spec.:
(fontspec)             <->s*[1]"Lato/BI/OT:script=latn;language=DFLT;+liga;+tnu
m;+lnum;"
(fontspec)             - 'bold italic small caps'  (bx/itsc) with NFSS spec.: 

Requested font "Lato" at 11.99997pt
 -> D:/Program/texlive/2019/texmf-dist/fonts/truetype/typoland/lato/Lato-Regula
r.ttf
Requested font "Lato/OT" at 12.0pt
 -> D:/Program/texlive/2019/texmf-dist/fonts/truetype/typoland/lato/Lato-Regula
r.ttf
Requested font "Lato/OT" at 12.00002pt
 -> D:/Program/texlive/2019/texmf-dist/fonts/truetype/typoland/lato/Lato-Regula
r.ttf
Requested font "Lato/BI/OT" at 12.00002pt
 -> D:/Program/texlive/2019/texmf-dist/fonts/truetype/typoland/lato/Lato-BoldIt
alic.ttf
Requested font "Lato/OT" at 12.00002pt
 -> D:/Program/texlive/2019/texmf-dist/fonts/truetype/typoland/lato/Lato-Regula
r.ttf
Requested font "Lato/B/OT" at 12.00002pt
 -> D:/Program/texlive/2019/texmf-dist/fonts/truetype/typoland/lato/Lato-Bold.t
tf
Requested font "Lato/OT" at 12.00002pt
 -> D:/Program/texlive/2019/texmf-dist/fonts/truetype/typoland/lato/Lato-Regula
r.ttf
Requested font "Lato/I/OT" at 12.00002pt
 -> D:/Program/texlive/2019/texmf-dist/fonts/truetype/typoland/lato/Lato-Italic
.ttf
Requested font "Lato/OT" at 12.0pt
 -> D:/Program/texlive/2019/texmf-dist/fonts/truetype/typoland/lato/Lato-Regula
r.ttf
Requested font "Lato/OT" at 12.0pt
 -> D:/Program/texlive/2019/texmf-dist/fonts/truetype/typoland/lato/Lato-Regula
r.ttf
Requested font "Lato/B/OT" at 12.0pt
 -> D:/Program/texlive/2019/texmf-dist/fonts/truetype/typoland/lato/Lato-Bold.t
tf
Requested font "Lato/B/OT" at 12.0pt
 -> D:/Program/texlive/2019/texmf-dist/fonts/truetype/typoland/lato/Lato-Bold.t
tf
Requested font "Lato/I/OT" at 12.0pt
 -> D:/Program/texlive/2019/texmf-dist/fonts/truetype/typoland/lato/Lato-Italic
.ttf
Requested font "Lato/I/OT" at 12.0pt
 -> D:/Program/texlive/2019/texmf-dist/fonts/truetype/typoland/lato/Lato-Italic
.ttf
Requested font "Lato/BI/OT" at 12.0pt
 -> D:/Program/texlive/2019/texmf-dist/fonts/truetype/typoland/lato/Lato-BoldIt
alic.ttf
Requested font "Lato/BI/OT" at 12.0pt
 -> D:/Program/texlive/2019/texmf-dist/fonts/truetype/typoland/lato/Lato-BoldIt
alic.ttf

Package fontspec Info: Font family 'lato-LF' created for font 'Lato' with
(fontspec)             options [Ligatures=Common,Scale=1,FontFace={ul}{n}{Lato
(fontspec)             Hairline},FontFace={ul}{it}{Lato Hairline
(fontspec)             Italic},FontFace={el}{n}{Lato
(fontspec)             Thin},FontFace={el}{it}{Lato Thin
(fontspec)             Italic},FontFace={l}{n}{Lato
(fontspec)             Light},FontFace={l}{it}{Lato Light
(fontspec)             Italic},FontFace={mb}{n}{Lato
(fontspec)             Medium},FontFace={mb}{it}{Lato Medium
(fontspec)             Italic},FontFace={sb}{n}{Lato
(fontspec)             Semibold},FontFace={sb}{it}{Lato Semibold
(fontspec)             Italic},FontFace={eb}{n}{Lato
(fontspec)             Heavy},FontFace={eb}{it}{Lato Heavy
(fontspec)             Italic},FontFace={ub}{n}{Lato
(fontspec)             Black},FontFace={ub}{it}{Lato Black
(fontspec)             Italic},Numbers={Proportional,Lining},NFSSFamily=lato-LF
].
(fontspec)              
(fontspec)              This font family consists of the following NFSS
(fontspec)             series/shapes:
(fontspec)              
(fontspec)             - (ul/n) with NFSS spec.: <->s*[1]"Lato
(fontspec)             Hairline/OT:script=latn;language=DFLT;+liga;+pnum;+lnum;
"
(fontspec)             -  (ul/sc) with NFSS spec.: 
(fontspec)             - (ul/it) with NFSS spec.: <->s*[1]"Lato Hairline
(fontspec)             Italic/OT:script=latn;language=DFLT;+liga;+pnum;+lnum;"
(fontspec)             -  (ul/itsc) with NFSS spec.: 
(fontspec)             - (el/n) with NFSS spec.: <->s*[1]"Lato
(fontspec)             Thin/OT:script=latn;language=DFLT;+liga;+pnum;+lnum;"
(fontspec)             -  (el/sc) with NFSS spec.: 
(fontspec)             - (el/it) with NFSS spec.: <->s*[1]"Lato Thin
(fontspec)             Italic/OT:script=latn;language=DFLT;+liga;+pnum;+lnum;"
(fontspec)             -  (el/itsc) with NFSS spec.: 
(fontspec)             - (l/n) with NFSS spec.: <->s*[1]"Lato
(fontspec)             Light/OT:script=latn;language=DFLT;+liga;+pnum;+lnum;"
(fontspec)             -  (l/sc) with NFSS spec.: 
(fontspec)             - (l/it) with NFSS spec.: <->s*[1]"Lato Light
(fontspec)             Italic/OT:script=latn;language=DFLT;+liga;+pnum;+lnum;"
(fontspec)             -  (l/itsc) with NFSS spec.: 
(fontspec)             - (mb/n) with NFSS spec.: <->s*[1]"Lato
(fontspec)             Medium/OT:script=latn;language=DFLT;+liga;+pnum;+lnum;"
(fontspec)             -  (mb/sc) with NFSS spec.: 
(fontspec)             - (mb/it) with NFSS spec.: <->s*[1]"Lato Medium
(fontspec)             Italic/OT:script=latn;language=DFLT;+liga;+pnum;+lnum;"
(fontspec)             -  (mb/itsc) with NFSS spec.: 
(fontspec)             - (sb/n) with NFSS spec.: <->s*[1]"Lato
(fontspec)             Semibold/OT:script=latn;language=DFLT;+liga;+pnum;+lnum;
"
(fontspec)             -  (sb/sc) with NFSS spec.: 
(fontspec)             - (sb/it) with NFSS spec.: <->s*[1]"Lato Semibold
(fontspec)             Italic/OT:script=latn;language=DFLT;+liga;+pnum;+lnum;"
(fontspec)             -  (sb/itsc) with NFSS spec.: 
(fontspec)             - (eb/n) with NFSS spec.: <->s*[1]"Lato
(fontspec)             Heavy/OT:script=latn;language=DFLT;+liga;+pnum;+lnum;"
(fontspec)             -  (eb/sc) with NFSS spec.: 
(fontspec)             - (eb/it) with NFSS spec.: <->s*[1]"Lato Heavy
(fontspec)             Italic/OT:script=latn;language=DFLT;+liga;+pnum;+lnum;"
(fontspec)             -  (eb/itsc) with NFSS spec.: 
(fontspec)             - (ub/n) with NFSS spec.: <->s*[1]"Lato
(fontspec)             Black/OT:script=latn;language=DFLT;+liga;+pnum;+lnum;"
(fontspec)             -  (ub/sc) with NFSS spec.: 
(fontspec)             - (ub/it) with NFSS spec.: <->s*[1]"Lato Black
(fontspec)             Italic/OT:script=latn;language=DFLT;+liga;+pnum;+lnum;"
(fontspec)             -  (ub/itsc) with NFSS spec.: 
(fontspec)             - 'normal' (m/n) with NFSS spec.:
(fontspec)             <->s*[1]"Lato/OT:script=latn;language=DFLT;+liga;+pnum;+
lnum;"
(fontspec)             - 'small caps'  (m/sc) with NFSS spec.: 
(fontspec)             - 'bold' (bx/n) with NFSS spec.:
(fontspec)             <->s*[1]"Lato/B/OT:script=latn;language=DFLT;+liga;+pnum
;+lnum;"
(fontspec)             - 'bold small caps'  (bx/sc) with NFSS spec.: 
(fontspec)             - 'italic' (m/it) with NFSS spec.:
(fontspec)             <->s*[1]"Lato/I/OT:script=latn;language=DFLT;+liga;+pnum
;+lnum;"
(fontspec)             - 'italic small caps'  (m/itsc) with NFSS spec.: 
(fontspec)             - 'bold italic' (bx/it) with NFSS spec.:
(fontspec)             <->s*[1]"Lato/BI/OT:script=latn;language=DFLT;+liga;+pnu
m;+lnum;"
(fontspec)             - 'bold italic small caps'  (bx/itsc) with NFSS spec.: 

Requested font "Lato" at 11.99997pt
 -> D:/Program/texlive/2019/texmf-dist/fonts/truetype/typoland/lato/Lato-Regula
r.ttf
Requested font "Lato/OT" at 12.0pt
 -> D:/Program/texlive/2019/texmf-dist/fonts/truetype/typoland/lato/Lato-Regula
r.ttf
Requested font "Lato/OT" at 12.00002pt
 -> D:/Program/texlive/2019/texmf-dist/fonts/truetype/typoland/lato/Lato-Regula
r.ttf
Requested font "Lato/BI/OT" at 12.00002pt
 -> D:/Program/texlive/2019/texmf-dist/fonts/truetype/typoland/lato/Lato-BoldIt
alic.ttf
Requested font "Lato/OT" at 12.00002pt
 -> D:/Program/texlive/2019/texmf-dist/fonts/truetype/typoland/lato/Lato-Regula
r.ttf
Requested font "Lato/B/OT" at 12.00002pt
 -> D:/Program/texlive/2019/texmf-dist/fonts/truetype/typoland/lato/Lato-Bold.t
tf
Requested font "Lato/OT" at 12.00002pt
 -> D:/Program/texlive/2019/texmf-dist/fonts/truetype/typoland/lato/Lato-Regula
r.ttf
Requested font "Lato/I/OT" at 12.00002pt
 -> D:/Program/texlive/2019/texmf-dist/fonts/truetype/typoland/lato/Lato-Italic
.ttf
Requested font "Lato/OT" at 12.0pt
 -> D:/Program/texlive/2019/texmf-dist/fonts/truetype/typoland/lato/Lato-Regula
r.ttf
Requested font "Lato/OT" at 12.0pt
 -> D:/Program/texlive/2019/texmf-dist/fonts/truetype/typoland/lato/Lato-Regula
r.ttf
Requested font "Lato/B/OT" at 12.0pt
 -> D:/Program/texlive/2019/texmf-dist/fonts/truetype/typoland/lato/Lato-Bold.t
tf
Requested font "Lato/B/OT" at 12.0pt
 -> D:/Program/texlive/2019/texmf-dist/fonts/truetype/typoland/lato/Lato-Bold.t
tf
Requested font "Lato/I/OT" at 12.0pt
 -> D:/Program/texlive/2019/texmf-dist/fonts/truetype/typoland/lato/Lato-Italic
.ttf
Requested font "Lato/I/OT" at 12.0pt
 -> D:/Program/texlive/2019/texmf-dist/fonts/truetype/typoland/lato/Lato-Italic
.ttf
Requested font "Lato/BI/OT" at 12.0pt
 -> D:/Program/texlive/2019/texmf-dist/fonts/truetype/typoland/lato/Lato-BoldIt
alic.ttf
Requested font "Lato/BI/OT" at 12.0pt
 -> D:/Program/texlive/2019/texmf-dist/fonts/truetype/typoland/lato/Lato-BoldIt
alic.ttf

Package fontspec Info: Font family 'lato-TOsF' created for font 'Lato' with
(fontspec)             options [Ligatures=Common,Scale=1,FontFace={ul}{n}{Lato
(fontspec)             Hairline},FontFace={ul}{it}{Lato Hairline
(fontspec)             Italic},FontFace={el}{n}{Lato
(fontspec)             Thin},FontFace={el}{it}{Lato Thin
(fontspec)             Italic},FontFace={l}{n}{Lato
(fontspec)             Light},FontFace={l}{it}{Lato Light
(fontspec)             Italic},FontFace={mb}{n}{Lato
(fontspec)             Medium},FontFace={mb}{it}{Lato Medium
(fontspec)             Italic},FontFace={sb}{n}{Lato
(fontspec)             Semibold},FontFace={sb}{it}{Lato Semibold
(fontspec)             Italic},FontFace={eb}{n}{Lato
(fontspec)             Heavy},FontFace={eb}{it}{Lato Heavy
(fontspec)             Italic},FontFace={ub}{n}{Lato
(fontspec)             Black},FontFace={ub}{it}{Lato Black
(fontspec)             Italic},Numbers={Monospaced,OldStyle},NFSSFamily=lato-TO
sF].
(fontspec)              
(fontspec)              This font family consists of the following NFSS
(fontspec)             series/shapes:
(fontspec)              
(fontspec)             - (ul/n) with NFSS spec.: <->s*[1]"Lato
(fontspec)             Hairline/OT:script=latn;language=DFLT;+liga;+tnum;+onum;
"
(fontspec)             -  (ul/sc) with NFSS spec.: 
(fontspec)             - (ul/it) with NFSS spec.: <->s*[1]"Lato Hairline
(fontspec)             Italic/OT:script=latn;language=DFLT;+liga;+tnum;+onum;"
(fontspec)             -  (ul/itsc) with NFSS spec.: 
(fontspec)             - (el/n) with NFSS spec.: <->s*[1]"Lato
(fontspec)             Thin/OT:script=latn;language=DFLT;+liga;+tnum;+onum;"
(fontspec)             -  (el/sc) with NFSS spec.: 
(fontspec)             - (el/it) with NFSS spec.: <->s*[1]"Lato Thin
(fontspec)             Italic/OT:script=latn;language=DFLT;+liga;+tnum;+onum;"
(fontspec)             -  (el/itsc) with NFSS spec.: 
(fontspec)             - (l/n) with NFSS spec.: <->s*[1]"Lato
(fontspec)             Light/OT:script=latn;language=DFLT;+liga;+tnum;+onum;"
(fontspec)             -  (l/sc) with NFSS spec.: 
(fontspec)             - (l/it) with NFSS spec.: <->s*[1]"Lato Light
(fontspec)             Italic/OT:script=latn;language=DFLT;+liga;+tnum;+onum;"
(fontspec)             -  (l/itsc) with NFSS spec.: 
(fontspec)             - (mb/n) with NFSS spec.: <->s*[1]"Lato
(fontspec)             Medium/OT:script=latn;language=DFLT;+liga;+tnum;+onum;"
(fontspec)             -  (mb/sc) with NFSS spec.: 
(fontspec)             - (mb/it) with NFSS spec.: <->s*[1]"Lato Medium
(fontspec)             Italic/OT:script=latn;language=DFLT;+liga;+tnum;+onum;"
(fontspec)             -  (mb/itsc) with NFSS spec.: 
(fontspec)             - (sb/n) with NFSS spec.: <->s*[1]"Lato
(fontspec)             Semibold/OT:script=latn;language=DFLT;+liga;+tnum;+onum;
"
(fontspec)             -  (sb/sc) with NFSS spec.: 
(fontspec)             - (sb/it) with NFSS spec.: <->s*[1]"Lato Semibold
(fontspec)             Italic/OT:script=latn;language=DFLT;+liga;+tnum;+onum;"
(fontspec)             -  (sb/itsc) with NFSS spec.: 
(fontspec)             - (eb/n) with NFSS spec.: <->s*[1]"Lato
(fontspec)             Heavy/OT:script=latn;language=DFLT;+liga;+tnum;+onum;"
(fontspec)             -  (eb/sc) with NFSS spec.: 
(fontspec)             - (eb/it) with NFSS spec.: <->s*[1]"Lato Heavy
(fontspec)             Italic/OT:script=latn;language=DFLT;+liga;+tnum;+onum;"
(fontspec)             -  (eb/itsc) with NFSS spec.: 
(fontspec)             - (ub/n) with NFSS spec.: <->s*[1]"Lato
(fontspec)             Black/OT:script=latn;language=DFLT;+liga;+tnum;+onum;"
(fontspec)             -  (ub/sc) with NFSS spec.: 
(fontspec)             - (ub/it) with NFSS spec.: <->s*[1]"Lato Black
(fontspec)             Italic/OT:script=latn;language=DFLT;+liga;+tnum;+onum;"
(fontspec)             -  (ub/itsc) with NFSS spec.: 
(fontspec)             - 'normal' (m/n) with NFSS spec.:
(fontspec)             <->s*[1]"Lato/OT:script=latn;language=DFLT;+liga;+tnum;+
onum;"
(fontspec)             - 'small caps'  (m/sc) with NFSS spec.: 
(fontspec)             - 'bold' (bx/n) with NFSS spec.:
(fontspec)             <->s*[1]"Lato/B/OT:script=latn;language=DFLT;+liga;+tnum
;+onum;"
(fontspec)             - 'bold small caps'  (bx/sc) with NFSS spec.: 
(fontspec)             - 'italic' (m/it) with NFSS spec.:
(fontspec)             <->s*[1]"Lato/I/OT:script=latn;language=DFLT;+liga;+tnum
;+onum;"
(fontspec)             - 'italic small caps'  (m/itsc) with NFSS spec.: 
(fontspec)             - 'bold italic' (bx/it) with NFSS spec.:
(fontspec)             <->s*[1]"Lato/BI/OT:script=latn;language=DFLT;+liga;+tnu
m;+onum;"
(fontspec)             - 'bold italic small caps'  (bx/itsc) with NFSS spec.: 

Requested font "Lato" at 11.99997pt
 -> D:/Program/texlive/2019/texmf-dist/fonts/truetype/typoland/lato/Lato-Regula
r.ttf
Requested font "Lato/OT" at 12.0pt
 -> D:/Program/texlive/2019/texmf-dist/fonts/truetype/typoland/lato/Lato-Regula
r.ttf
Requested font "Lato/OT" at 12.00002pt
 -> D:/Program/texlive/2019/texmf-dist/fonts/truetype/typoland/lato/Lato-Regula
r.ttf
Requested font "Lato/BI/OT" at 12.00002pt
 -> D:/Program/texlive/2019/texmf-dist/fonts/truetype/typoland/lato/Lato-BoldIt
alic.ttf
Requested font "Lato/OT" at 12.00002pt
 -> D:/Program/texlive/2019/texmf-dist/fonts/truetype/typoland/lato/Lato-Regula
r.ttf
Requested font "Lato/B/OT" at 12.00002pt
 -> D:/Program/texlive/2019/texmf-dist/fonts/truetype/typoland/lato/Lato-Bold.t
tf
Requested font "Lato/OT" at 12.00002pt
 -> D:/Program/texlive/2019/texmf-dist/fonts/truetype/typoland/lato/Lato-Regula
r.ttf
Requested font "Lato/I/OT" at 12.00002pt
 -> D:/Program/texlive/2019/texmf-dist/fonts/truetype/typoland/lato/Lato-Italic
.ttf
Requested font "Lato/OT" at 12.0pt
 -> D:/Program/texlive/2019/texmf-dist/fonts/truetype/typoland/lato/Lato-Regula
r.ttf
Requested font "Lato/OT" at 12.0pt
 -> D:/Program/texlive/2019/texmf-dist/fonts/truetype/typoland/lato/Lato-Regula
r.ttf
Requested font "Lato/B/OT" at 12.0pt
 -> D:/Program/texlive/2019/texmf-dist/fonts/truetype/typoland/lato/Lato-Bold.t
tf
Requested font "Lato/B/OT" at 12.0pt
 -> D:/Program/texlive/2019/texmf-dist/fonts/truetype/typoland/lato/Lato-Bold.t
tf
Requested font "Lato/I/OT" at 12.0pt
 -> D:/Program/texlive/2019/texmf-dist/fonts/truetype/typoland/lato/Lato-Italic
.ttf
Requested font "Lato/I/OT" at 12.0pt
 -> D:/Program/texlive/2019/texmf-dist/fonts/truetype/typoland/lato/Lato-Italic
.ttf
Requested font "Lato/BI/OT" at 12.0pt
 -> D:/Program/texlive/2019/texmf-dist/fonts/truetype/typoland/lato/Lato-BoldIt
alic.ttf
Requested font "Lato/BI/OT" at 12.0pt
 -> D:/Program/texlive/2019/texmf-dist/fonts/truetype/typoland/lato/Lato-BoldIt
alic.ttf

Package fontspec Info: Font family 'lato-OsF' created for font 'Lato' with
(fontspec)             options [Ligatures=Common,Scale=1,FontFace={ul}{n}{Lato
(fontspec)             Hairline},FontFace={ul}{it}{Lato Hairline
(fontspec)             Italic},FontFace={el}{n}{Lato
(fontspec)             Thin},FontFace={el}{it}{Lato Thin
(fontspec)             Italic},FontFace={l}{n}{Lato
(fontspec)             Light},FontFace={l}{it}{Lato Light
(fontspec)             Italic},FontFace={mb}{n}{Lato
(fontspec)             Medium},FontFace={mb}{it}{Lato Medium
(fontspec)             Italic},FontFace={sb}{n}{Lato
(fontspec)             Semibold},FontFace={sb}{it}{Lato Semibold
(fontspec)             Italic},FontFace={eb}{n}{Lato
(fontspec)             Heavy},FontFace={eb}{it}{Lato Heavy
(fontspec)             Italic},FontFace={ub}{n}{Lato
(fontspec)             Black},FontFace={ub}{it}{Lato Black
(fontspec)             Italic},Numbers={Proportional,OldStyle},NFSSFamily=lato-
OsF].
(fontspec)              
(fontspec)              This font family consists of the following NFSS
(fontspec)             series/shapes:
(fontspec)              
(fontspec)             - (ul/n) with NFSS spec.: <->s*[1]"Lato
(fontspec)             Hairline/OT:script=latn;language=DFLT;+liga;+pnum;+onum;
"
(fontspec)             -  (ul/sc) with NFSS spec.: 
(fontspec)             - (ul/it) with NFSS spec.: <->s*[1]"Lato Hairline
(fontspec)             Italic/OT:script=latn;language=DFLT;+liga;+pnum;+onum;"
(fontspec)             -  (ul/itsc) with NFSS spec.: 
(fontspec)             - (el/n) with NFSS spec.: <->s*[1]"Lato
(fontspec)             Thin/OT:script=latn;language=DFLT;+liga;+pnum;+onum;"
(fontspec)             -  (el/sc) with NFSS spec.: 
(fontspec)             - (el/it) with NFSS spec.: <->s*[1]"Lato Thin
(fontspec)             Italic/OT:script=latn;language=DFLT;+liga;+pnum;+onum;"
(fontspec)             -  (el/itsc) with NFSS spec.: 
(fontspec)             - (l/n) with NFSS spec.: <->s*[1]"Lato
(fontspec)             Light/OT:script=latn;language=DFLT;+liga;+pnum;+onum;"
(fontspec)             -  (l/sc) with NFSS spec.: 
(fontspec)             - (l/it) with NFSS spec.: <->s*[1]"Lato Light
(fontspec)             Italic/OT:script=latn;language=DFLT;+liga;+pnum;+onum;"
(fontspec)             -  (l/itsc) with NFSS spec.: 
(fontspec)             - (mb/n) with NFSS spec.: <->s*[1]"Lato
(fontspec)             Medium/OT:script=latn;language=DFLT;+liga;+pnum;+onum;"
(fontspec)             -  (mb/sc) with NFSS spec.: 
(fontspec)             - (mb/it) with NFSS spec.: <->s*[1]"Lato Medium
(fontspec)             Italic/OT:script=latn;language=DFLT;+liga;+pnum;+onum;"
(fontspec)             -  (mb/itsc) with NFSS spec.: 
(fontspec)             - (sb/n) with NFSS spec.: <->s*[1]"Lato
(fontspec)             Semibold/OT:script=latn;language=DFLT;+liga;+pnum;+onum;
"
(fontspec)             -  (sb/sc) with NFSS spec.: 
(fontspec)             - (sb/it) with NFSS spec.: <->s*[1]"Lato Semibold
(fontspec)             Italic/OT:script=latn;language=DFLT;+liga;+pnum;+onum;"
(fontspec)             -  (sb/itsc) with NFSS spec.: 
(fontspec)             - (eb/n) with NFSS spec.: <->s*[1]"Lato
(fontspec)             Heavy/OT:script=latn;language=DFLT;+liga;+pnum;+onum;"
(fontspec)             -  (eb/sc) with NFSS spec.: 
(fontspec)             - (eb/it) with NFSS spec.: <->s*[1]"Lato Heavy
(fontspec)             Italic/OT:script=latn;language=DFLT;+liga;+pnum;+onum;"
(fontspec)             -  (eb/itsc) with NFSS spec.: 
(fontspec)             - (ub/n) with NFSS spec.: <->s*[1]"Lato
(fontspec)             Black/OT:script=latn;language=DFLT;+liga;+pnum;+onum;"
(fontspec)             -  (ub/sc) with NFSS spec.: 
(fontspec)             - (ub/it) with NFSS spec.: <->s*[1]"Lato Black
(fontspec)             Italic/OT:script=latn;language=DFLT;+liga;+pnum;+onum;"
(fontspec)             -  (ub/itsc) with NFSS spec.: 
(fontspec)             - 'normal' (m/n) with NFSS spec.:
(fontspec)             <->s*[1]"Lato/OT:script=latn;language=DFLT;+liga;+pnum;+
onum;"
(fontspec)             - 'small caps'  (m/sc) with NFSS spec.: 
(fontspec)             - 'bold' (bx/n) with NFSS spec.:
(fontspec)             <->s*[1]"Lato/B/OT:script=latn;language=DFLT;+liga;+pnum
;+onum;"
(fontspec)             - 'bold small caps'  (bx/sc) with NFSS spec.: 
(fontspec)             - 'italic' (m/it) with NFSS spec.:
(fontspec)             <->s*[1]"Lato/I/OT:script=latn;language=DFLT;+liga;+pnum
;+onum;"
(fontspec)             - 'italic small caps'  (m/itsc) with NFSS spec.: 
(fontspec)             - 'bold italic' (bx/it) with NFSS spec.:
(fontspec)             <->s*[1]"Lato/BI/OT:script=latn;language=DFLT;+liga;+pnu
m;+onum;"
(fontspec)             - 'bold italic small caps'  (bx/itsc) with NFSS spec.: 

Requested font "Lato" at 11.99997pt
 -> D:/Program/texlive/2019/texmf-dist/fonts/truetype/typoland/lato/Lato-Regula
r.ttf
Requested font "Lato/OT" at 12.0pt
 -> D:/Program/texlive/2019/texmf-dist/fonts/truetype/typoland/lato/Lato-Regula
r.ttf
Requested font "Lato/OT" at 12.00002pt
 -> D:/Program/texlive/2019/texmf-dist/fonts/truetype/typoland/lato/Lato-Regula
r.ttf
Requested font "Lato/BI/OT" at 12.00002pt
 -> D:/Program/texlive/2019/texmf-dist/fonts/truetype/typoland/lato/Lato-BoldIt
alic.ttf
Requested font "Lato/OT" at 12.00002pt
 -> D:/Program/texlive/2019/texmf-dist/fonts/truetype/typoland/lato/Lato-Regula
r.ttf
Requested font "Lato/B/OT" at 12.00002pt
 -> D:/Program/texlive/2019/texmf-dist/fonts/truetype/typoland/lato/Lato-Bold.t
tf
Requested font "Lato/OT" at 12.00002pt
 -> D:/Program/texlive/2019/texmf-dist/fonts/truetype/typoland/lato/Lato-Regula
r.ttf
Requested font "Lato/I/OT" at 12.00002pt
 -> D:/Program/texlive/2019/texmf-dist/fonts/truetype/typoland/lato/Lato-Italic
.ttf
Requested font "Lato/OT" at 12.0pt
 -> D:/Program/texlive/2019/texmf-dist/fonts/truetype/typoland/lato/Lato-Regula
r.ttf
Requested font "Lato/OT" at 12.0pt
 -> D:/Program/texlive/2019/texmf-dist/fonts/truetype/typoland/lato/Lato-Regula
r.ttf
Requested font "Lato/B/OT" at 12.0pt
 -> D:/Program/texlive/2019/texmf-dist/fonts/truetype/typoland/lato/Lato-Bold.t
tf
Requested font "Lato/B/OT" at 12.0pt
 -> D:/Program/texlive/2019/texmf-dist/fonts/truetype/typoland/lato/Lato-Bold.t
tf
Requested font "Lato/I/OT" at 12.0pt
 -> D:/Program/texlive/2019/texmf-dist/fonts/truetype/typoland/lato/Lato-Italic
.ttf
Requested font "Lato/I/OT" at 12.0pt
 -> D:/Program/texlive/2019/texmf-dist/fonts/truetype/typoland/lato/Lato-Italic
.ttf
Requested font "Lato/BI/OT" at 12.0pt
 -> D:/Program/texlive/2019/texmf-dist/fonts/truetype/typoland/lato/Lato-BoldIt
alic.ttf
Requested font "Lato/BI/OT" at 12.0pt
 -> D:/Program/texlive/2019/texmf-dist/fonts/truetype/typoland/lato/Lato-BoldIt
alic.ttf

Package fontspec Info: Font family 'fla' created for font 'Lato' with options
(fontspec)             [Numbers={Monospaced,Lining},NFSSFamily=fla].
(fontspec)              
(fontspec)              This font family consists of the following NFSS
(fontspec)             series/shapes:
(fontspec)              
(fontspec)             - 'normal' (m/n) with NFSS spec.:
(fontspec)             <->"Lato/OT:script=latn;language=DFLT;+tnum;+lnum;"
(fontspec)             - 'small caps'  (m/sc) with NFSS spec.: 
(fontspec)             - 'bold' (bx/n) with NFSS spec.:
(fontspec)             <->"Lato/B/OT:script=latn;language=DFLT;+tnum;+lnum;"
(fontspec)             - 'bold small caps'  (bx/sc) with NFSS spec.: 
(fontspec)             - 'italic' (m/it) with NFSS spec.:
(fontspec)             <->"Lato/I/OT:script=latn;language=DFLT;+tnum;+lnum;"
(fontspec)             - 'italic small caps'  (m/itsc) with NFSS spec.: 
(fontspec)             - 'bold italic' (bx/it) with NFSS spec.:
(fontspec)             <->"Lato/BI/OT:script=latn;language=DFLT;+tnum;+lnum;"
(fontspec)             - 'bold italic small caps'  (bx/itsc) with NFSS spec.: 

Requested font "Lato" at 11.99997pt
 -> D:/Program/texlive/2019/texmf-dist/fonts/truetype/typoland/lato/Lato-Regula
r.ttf
Requested font "Lato/OT" at 12.0pt
 -> D:/Program/texlive/2019/texmf-dist/fonts/truetype/typoland/lato/Lato-Regula
r.ttf
Requested font "Lato/OT" at 12.00002pt
 -> D:/Program/texlive/2019/texmf-dist/fonts/truetype/typoland/lato/Lato-Regula
r.ttf
Requested font "Lato/BI/OT" at 12.00002pt
 -> D:/Program/texlive/2019/texmf-dist/fonts/truetype/typoland/lato/Lato-BoldIt
alic.ttf
Requested font "Lato/OT" at 12.00002pt
 -> D:/Program/texlive/2019/texmf-dist/fonts/truetype/typoland/lato/Lato-Regula
r.ttf
Requested font "Lato/B/OT" at 12.00002pt
 -> D:/Program/texlive/2019/texmf-dist/fonts/truetype/typoland/lato/Lato-Bold.t
tf
Requested font "Lato/OT" at 12.00002pt
 -> D:/Program/texlive/2019/texmf-dist/fonts/truetype/typoland/lato/Lato-Regula
r.ttf
Requested font "Lato/I/OT" at 12.00002pt
 -> D:/Program/texlive/2019/texmf-dist/fonts/truetype/typoland/lato/Lato-Italic
.ttf
Requested font "Lato/OT" at 12.0pt
 -> D:/Program/texlive/2019/texmf-dist/fonts/truetype/typoland/lato/Lato-Regula
r.ttf
Requested font "Lato/OT" at 12.0pt
 -> D:/Program/texlive/2019/texmf-dist/fonts/truetype/typoland/lato/Lato-Regula
r.ttf
Requested font "Lato/B/OT" at 12.0pt
 -> D:/Program/texlive/2019/texmf-dist/fonts/truetype/typoland/lato/Lato-Bold.t
tf
Requested font "Lato/B/OT" at 12.0pt
 -> D:/Program/texlive/2019/texmf-dist/fonts/truetype/typoland/lato/Lato-Bold.t
tf
Requested font "Lato/I/OT" at 12.0pt
 -> D:/Program/texlive/2019/texmf-dist/fonts/truetype/typoland/lato/Lato-Italic
.ttf
Requested font "Lato/I/OT" at 12.0pt
 -> D:/Program/texlive/2019/texmf-dist/fonts/truetype/typoland/lato/Lato-Italic
.ttf
Requested font "Lato/BI/OT" at 12.0pt
 -> D:/Program/texlive/2019/texmf-dist/fonts/truetype/typoland/lato/Lato-BoldIt
alic.ttf
Requested font "Lato/BI/OT" at 12.0pt
 -> D:/Program/texlive/2019/texmf-dist/fonts/truetype/typoland/lato/Lato-BoldIt
alic.ttf

Package fontspec Info: Font family 'Lato(0)' created for font 'Lato' with
(fontspec)             options
(fontspec)             [Ligatures=TeX,Ligatures=Common,Scale=1,FontFace={ul}{n}
{Lato
(fontspec)             Hairline},FontFace={ul}{it}{Lato Hairline
(fontspec)             Italic},FontFace={el}{n}{Lato
(fontspec)             Thin},FontFace={el}{it}{Lato Thin
(fontspec)             Italic},FontFace={l}{n}{Lato
(fontspec)             Light},FontFace={l}{it}{Lato Light
(fontspec)             Italic},FontFace={mb}{n}{Lato
(fontspec)             Medium},FontFace={mb}{it}{Lato Medium
(fontspec)             Italic},FontFace={sb}{n}{Lato
(fontspec)             Semibold},FontFace={sb}{it}{Lato Semibold
(fontspec)             Italic},FontFace={eb}{n}{Lato
(fontspec)             Heavy},FontFace={eb}{it}{Lato Heavy
(fontspec)             Italic},FontFace={ub}{n}{Lato
(fontspec)             Black},FontFace={ub}{it}{Lato Black
(fontspec)             Italic},Numbers={Monospaced,Lining}].
(fontspec)              
(fontspec)              This font family consists of the following NFSS
(fontspec)             series/shapes:
(fontspec)              
(fontspec)             - (ul/n) with NFSS spec.: <->s*[1]"Lato
(fontspec)             Hairline/OT:script=latn;language=DFLT;+liga;+tnum;+lnum;
mapping=tex-text;"
(fontspec)             -  (ul/sc) with NFSS spec.: 
(fontspec)             - (ul/it) with NFSS spec.: <->s*[1]"Lato Hairline
(fontspec)             Italic/OT:script=latn;language=DFLT;+liga;+tnum;+lnum;ma
pping=tex-text;"
(fontspec)             -  (ul/itsc) with NFSS spec.: 
(fontspec)             - (el/n) with NFSS spec.: <->s*[1]"Lato
(fontspec)             Thin/OT:script=latn;language=DFLT;+liga;+tnum;+lnum;mapp
ing=tex-text;"
(fontspec)             -  (el/sc) with NFSS spec.: 
(fontspec)             - (el/it) with NFSS spec.: <->s*[1]"Lato Thin
(fontspec)             Italic/OT:script=latn;language=DFLT;+liga;+tnum;+lnum;ma
pping=tex-text;"
(fontspec)             -  (el/itsc) with NFSS spec.: 
(fontspec)             - (l/n) with NFSS spec.: <->s*[1]"Lato
(fontspec)             Light/OT:script=latn;language=DFLT;+liga;+tnum;+lnum;map
ping=tex-text;"
(fontspec)             -  (l/sc) with NFSS spec.: 
(fontspec)             - (l/it) with NFSS spec.: <->s*[1]"Lato Light
(fontspec)             Italic/OT:script=latn;language=DFLT;+liga;+tnum;+lnum;ma
pping=tex-text;"
(fontspec)             -  (l/itsc) with NFSS spec.: 
(fontspec)             - (mb/n) with NFSS spec.: <->s*[1]"Lato
(fontspec)             Medium/OT:script=latn;language=DFLT;+liga;+tnum;+lnum;ma
pping=tex-text;"
(fontspec)             -  (mb/sc) with NFSS spec.: 
(fontspec)             - (mb/it) with NFSS spec.: <->s*[1]"Lato Medium
(fontspec)             Italic/OT:script=latn;language=DFLT;+liga;+tnum;+lnum;ma
pping=tex-text;"
(fontspec)             -  (mb/itsc) with NFSS spec.: 
(fontspec)             - (sb/n) with NFSS spec.: <->s*[1]"Lato
(fontspec)             Semibold/OT:script=latn;language=DFLT;+liga;+tnum;+lnum;
mapping=tex-text;"
(fontspec)             -  (sb/sc) with NFSS spec.: 
(fontspec)             - (sb/it) with NFSS spec.: <->s*[1]"Lato Semibold
(fontspec)             Italic/OT:script=latn;language=DFLT;+liga;+tnum;+lnum;ma
pping=tex-text;"
(fontspec)             -  (sb/itsc) with NFSS spec.: 
(fontspec)             - (eb/n) with NFSS spec.: <->s*[1]"Lato
(fontspec)             Heavy/OT:script=latn;language=DFLT;+liga;+tnum;+lnum;map
ping=tex-text;"
(fontspec)             -  (eb/sc) with NFSS spec.: 
(fontspec)             - (eb/it) with NFSS spec.: <->s*[1]"Lato Heavy
(fontspec)             Italic/OT:script=latn;language=DFLT;+liga;+tnum;+lnum;ma
pping=tex-text;"
(fontspec)             -  (eb/itsc) with NFSS spec.: 
(fontspec)             - (ub/n) with NFSS spec.: <->s*[1]"Lato
(fontspec)             Black/OT:script=latn;language=DFLT;+liga;+tnum;+lnum;map
ping=tex-text;"
(fontspec)             -  (ub/sc) with NFSS spec.: 
(fontspec)             - (ub/it) with NFSS spec.: <->s*[1]"Lato Black
(fontspec)             Italic/OT:script=latn;language=DFLT;+liga;+tnum;+lnum;ma
pping=tex-text;"
(fontspec)             -  (ub/itsc) with NFSS spec.: 
(fontspec)             - 'normal' (m/n) with NFSS spec.:
(fontspec)             <->s*[1]"Lato/OT:script=latn;language=DFLT;+liga;+tnum;+
lnum;mapping=tex-text;"
(fontspec)             - 'small caps'  (m/sc) with NFSS spec.: 
(fontspec)             - 'bold' (bx/n) with NFSS spec.:
(fontspec)             <->s*[1]"Lato/B/OT:script=latn;language=DFLT;+liga;+tnum
;+lnum;mapping=tex-text;"
(fontspec)             - 'bold small caps'  (bx/sc) with NFSS spec.: 
(fontspec)             - 'italic' (m/it) with NFSS spec.:
(fontspec)             <->s*[1]"Lato/I/OT:script=latn;language=DFLT;+liga;+tnum
;+lnum;mapping=tex-text;"
(fontspec)             - 'italic small caps'  (m/itsc) with NFSS spec.: 
(fontspec)             - 'bold italic' (bx/it) with NFSS spec.:
(fontspec)             <->s*[1]"Lato/BI/OT:script=latn;language=DFLT;+liga;+tnu
m;+lnum;mapping=tex-text;"
(fontspec)             - 'bold italic small caps'  (bx/itsc) with NFSS spec.: 

LaTeX Info: Redefining \rmfamily on input line 149.
LaTeX Font Info:    Font shape `TU/Lato(0)/m/n' will be
(Font)              scaled to size 12.0pt on input line 149.
Requested font "Lato/OT:script=latn;language=DFLT;+liga;+tnum;+lnum;mapping=tex
-text;" at 12.0pt
 -> D:/Program/texlive/2019/texmf-dist/fonts/truetype/typoland/lato/Lato-Regula
r.ttf
)
(d:/Program/texlive/2019/texmf-dist/tex/latex/hyperref/hyperref.sty
Package: hyperref 2018/11/30 v6.88e Hypertext links for LaTeX

(d:/Program/texlive/2019/texmf-dist/tex/generic/oberdiek/hobsub-hyperref.sty
Package: hobsub-hyperref 2016/05/16 v1.14 Bundle oberdiek, subset hyperref (HO)


(d:/Program/texlive/2019/texmf-dist/tex/generic/oberdiek/hobsub-generic.sty
Package: hobsub-generic 2016/05/16 v1.14 Bundle oberdiek, subset generic (HO)
Package: hobsub 2016/05/16 v1.14 Construct package bundles (HO)
Package hobsub Info: Skipping package `infwarerr' (already loaded).
Package hobsub Info: Skipping package `ltxcmds' (already loaded).
Package hobsub Info: Skipping package `ifluatex' (already loaded).
Package hobsub Info: Skipping package `ifvtex' (already loaded).
Package: intcalc 2016/05/16 v1.2 Expandable calculations with integers (HO)
Package hobsub Info: Skipping package `ifpdf' (already loaded).
Package hobsub Info: Skipping package `etexcmds' (already loaded).
Package hobsub Info: Skipping package `kvsetkeys' (already loaded).
Package: kvdefinekeys 2016/05/16 v1.4 Define keys (HO)
Package hobsub Info: Skipping package `pdftexcmds' (already loaded).
Package: pdfescape 2016/05/16 v1.14 Implements pdfTeX's escape features (HO)
Package: bigintcalc 2016/05/16 v1.4 Expandable calculations on big integers (HO
)
Package: bitset 2016/05/16 v1.2 Handle bit-vector datatype (HO)
Package: uniquecounter 2016/05/16 v1.3 Provide unlimited unique counter (HO)
)
Package hobsub Info: Skipping package `hobsub' (already loaded).
Package: letltxmacro 2016/05/16 v1.5 Let assignment for LaTeX macros (HO)
Package: hopatch 2016/05/16 v1.3 Wrapper for package hooks (HO)
Package: xcolor-patch 2016/05/16 xcolor patch
Package: atveryend 2016/05/16 v1.9 Hooks at the very end of document (HO)
Package: atbegshi 2016/06/09 v1.18 At begin shipout hook (HO)
Package: refcount 2016/05/16 v3.5 Data extraction from label references (HO)
Package: hycolor 2016/05/16 v1.8 Color options for hyperref/bookmark (HO)
)
(d:/Program/texlive/2019/texmf-dist/tex/latex/oberdiek/auxhook.sty
Package: auxhook 2016/05/16 v1.4 Hooks for auxiliary files (HO)
)
\@linkdim=\dimen261
\Hy@linkcounter=\count412
\Hy@pagecounter=\count413

(d:/Program/texlive/2019/texmf-dist/tex/latex/hyperref/pd1enc.def
File: pd1enc.def 2018/11/30 v6.88e Hyperref: PDFDocEncoding definition (HO)
)
\Hy@SavedSpaceFactor=\count414

(d:/Program/texlive/2019/texmf-dist/tex/latex/latexconfig/hyperref.cfg
File: hyperref.cfg 2002/06/06 v1.2 hyperref configuration of TeXLive
)
Package hyperref Info: Hyper figures OFF on input line 4519.
Package hyperref Info: Link nesting OFF on input line 4524.
Package hyperref Info: Hyper index ON on input line 4527.
Package hyperref Info: Plain pages OFF on input line 4534.
Package hyperref Info: Backreferencing OFF on input line 4539.
Package hyperref Info: Implicit mode ON; LaTeX internals redefined.
Package hyperref Info: Bookmarks ON on input line 4772.
\c@Hy@tempcnt=\count415
LaTeX Info: Redefining \url on input line 5125.
\XeTeXLinkMargin=\dimen262
Requested font "pzdr" at 0.00002pt
 -> d:/Program/texlive/2019/texmf-dist/fonts/tfm/adobe/zapfding/pzdr.tfm
\Fld@menulength=\count416
\Field@Width=\dimen263
\Fld@charsize=\dimen264
Package hyperref Info: Hyper figures OFF on input line 6380.
Package hyperref Info: Link nesting OFF on input line 6385.
Package hyperref Info: Hyper index ON on input line 6388.
Package hyperref Info: backreferencing OFF on input line 6395.
Package hyperref Info: Link coloring OFF on input line 6400.
Package hyperref Info: Link coloring with OCG OFF on input line 6405.
Package hyperref Info: PDF/A mode OFF on input line 6410.
LaTeX Info: Redefining \ref on input line 6450.
LaTeX Info: Redefining \pageref on input line 6454.
\Hy@abspage=\count417
\c@Item=\count418
\c@Hfootnote=\count419
)
Package hyperref Info: Driver (autodetected): hxetex.

(d:/Program/texlive/2019/texmf-dist/tex/latex/hyperref/hxetex.def
File: hxetex.def 2018/11/30 v6.88e Hyperref driver for XeTeX

(d:/Program/texlive/2019/texmf-dist/tex/latex/hyperref/puenc.def
File: puenc.def 2018/11/30 v6.88e Hyperref: PDF Unicode definition (HO)
)
(d:/Program/texlive/2019/texmf-dist/tex/generic/oberdiek/stringenc.sty
Package: stringenc 2016/05/16 v1.11 Convert strings between diff. encodings (HO
)
)
\pdfm@box=\box70
\c@Hy@AnnotLevel=\count420
\HyField@AnnotCount=\count421
\Fld@listcount=\count422
\c@bookmark@seq@number=\count423

(d:/Program/texlive/2019/texmf-dist/tex/latex/oberdiek/rerunfilecheck.sty
Package: rerunfilecheck 2016/05/16 v1.8 Rerun checks for auxiliary files (HO)
Package uniquecounter Info: New unique counter `rerunfilecheck' on input line 2
82.
)
\Hy@SectionHShift=\skip76
)
Package biblatex Info: Trying to load language 'english'...
Package biblatex Info: ... file 'english.lbx' found.

(d:/Program/texlive/2019/texmf-dist/tex/latex/biblatex/lbx/english.lbx
File: english.lbx 2018/11/02 v3.12 biblatex localization (PK/MW)
)
\@quotelevel=\count424
\@quotereset=\count425

(./resume_zhenghao_yin_kyoto_u.aux)
\openout1 = `resume_zhenghao_yin_kyoto_u.aux'.

LaTeX Font Info:    Checking defaults for OML/cmm/m/it on input line 73.
LaTeX Font Info:    ... okay on input line 73.
LaTeX Font Info:    Checking defaults for T1/cmr/m/n on input line 73.
LaTeX Font Info:    ... okay on input line 73.
LaTeX Font Info:    Checking defaults for OT1/cmr/m/n on input line 73.
LaTeX Font Info:    ... okay on input line 73.
LaTeX Font Info:    Checking defaults for OMS/cmsy/m/n on input line 73.
LaTeX Font Info:    ... okay on input line 73.
LaTeX Font Info:    Checking defaults for TU/lmr/m/n on input line 73.
LaTeX Font Info:    ... okay on input line 73.
LaTeX Font Info:    Checking defaults for OMX/cmex/m/n on input line 73.
LaTeX Font Info:    ... okay on input line 73.
LaTeX Font Info:    Checking defaults for U/cmr/m/n on input line 73.
LaTeX Font Info:    ... okay on input line 73.
LaTeX Font Info:    Checking defaults for PD1/pdf/m/n on input line 73.
LaTeX Font Info:    ... okay on input line 73.
LaTeX Font Info:    Checking defaults for PU/pdf/m/n on input line 73.
LaTeX Font Info:    ... okay on input line 73.

*geometry* driver: auto-detecting
*geometry* detected driver: xetex
*geometry* verbose mode - [ preamble ] result:
* driver: xetex
* paper: a4paper
* layout: <same size as paper>
* layoutoffset:(h,v)=(0.0pt,0.0pt)
* modes: 
* h-part:(L,W,R)=(56.9055pt, 284.52757pt, 256.0748pt)
* v-part:(T,H,B)=(28.45274pt, 788.14136pt, 28.45274pt)
* \paperwidth=597.50787pt
* \paperheight=845.04684pt
* \textwidth=284.52757pt
* \textheight=788.14136pt
* \oddsidemargin=-15.36449pt
* \evensidemargin=-15.36449pt
* \topmargin=-80.81725pt
* \headheight=12.0pt
* \headsep=25.0pt
* \topskip=12.0pt
* \footskip=30.0pt
* \marginparwidth=193.47882pt
* \marginparsep=34.14322pt
* \columnsep=10.0pt
* \skip\footins=10.8pt plus 4.0pt minus 2.0pt
* \hoffset=0.0pt
* \voffset=0.0pt
* \mag=1000
* \@twocolumnfalse
* \@twosidefalse
* \@mparswitchfalse
* \@reversemarginfalse
* (1in=72.27pt=25.4mm, 1cm=28.453pt)


Package fontspec Info: Adjusting the maths setup (use [no-math] to avoid
(fontspec)             this).

\symlegacymaths=\mathgroup4
LaTeX Font Info:    Overwriting symbol font `legacymaths' in version `bold'
(Font)                  OT1/cmr/m/n --> OT1/cmr/bx/n on input line 73.
LaTeX Font Info:    Redeclaring math accent \acute on input line 73.
LaTeX Font Info:    Redeclaring math accent \grave on input line 73.
LaTeX Font Info:    Redeclaring math accent \ddot on input line 73.
LaTeX Font Info:    Redeclaring math accent \tilde on input line 73.
LaTeX Font Info:    Redeclaring math accent \bar on input line 73.
LaTeX Font Info:    Redeclaring math accent \breve on input line 73.
LaTeX Font Info:    Redeclaring math accent \check on input line 73.
LaTeX Font Info:    Redeclaring math accent \hat on input line 73.
LaTeX Font Info:    Redeclaring math accent \dot on input line 73.
LaTeX Font Info:    Redeclaring math accent \mathring on input line 73.
LaTeX Font Info:    Redeclaring math symbol \colon on input line 73.
LaTeX Font Info:    Redeclaring math symbol \Gamma on input line 73.
LaTeX Font Info:    Redeclaring math symbol \Delta on input line 73.
LaTeX Font Info:    Redeclaring math symbol \Theta on input line 73.
LaTeX Font Info:    Redeclaring math symbol \Lambda on input line 73.
LaTeX Font Info:    Redeclaring math symbol \Xi on input line 73.
LaTeX Font Info:    Redeclaring math symbol \Pi on input line 73.
LaTeX Font Info:    Redeclaring math symbol \Sigma on input line 73.
LaTeX Font Info:    Redeclaring math symbol \Upsilon on input line 73.
LaTeX Font Info:    Redeclaring math symbol \Phi on input line 73.
LaTeX Font Info:    Redeclaring math symbol \Psi on input line 73.
LaTeX Font Info:    Redeclaring math symbol \Omega on input line 73.
LaTeX Font Info:    Redeclaring math symbol \mathdollar on input line 73.
LaTeX Font Info:    Redeclaring symbol font `operators' on input line 73.
LaTeX Font Info:    Encoding `OT1' has changed to `TU' for symbol font
(Font)              `operators' in the math version `normal' on input line 73.
LaTeX Font Info:    Overwriting symbol font `operators' in version `normal'
(Font)                  OT1/cmr/m/n --> TU/Lato(0)/m/n on input line 73.
LaTeX Font Info:    Encoding `OT1' has changed to `TU' for symbol font
(Font)              `operators' in the math version `bold' on input line 73.
LaTeX Font Info:    Overwriting symbol font `operators' in version `bold'
(Font)                  OT1/cmr/bx/n --> TU/Lato(0)/m/n on input line 73.
LaTeX Font Info:    Overwriting symbol font `operators' in version `normal'
(Font)                  TU/Lato(0)/m/n --> TU/Lato(0)/m/n on input line 73.
LaTeX Font Info:    Overwriting math alphabet `\mathit' in version `normal'
(Font)                  OT1/cmr/m/it --> TU/Lato(0)/m/it on input line 73.
LaTeX Font Info:    Overwriting math alphabet `\mathbf' in version `normal'
(Font)                  OT1/cmr/bx/n --> TU/Lato(0)/bx/n on input line 73.
LaTeX Font Info:    Overwriting math alphabet `\mathsf' in version `normal'
(Font)                  OT1/cmss/m/n --> TU/lmss/m/n on input line 73.
LaTeX Font Info:    Overwriting math alphabet `\mathtt' in version `normal'
(Font)                  OT1/cmtt/m/n --> TU/lmtt/m/n on input line 73.
LaTeX Font Info:    Overwriting symbol font `operators' in version `bold'
(Font)                  TU/Lato(0)/m/n --> TU/Lato(0)/bx/n on input line 73.
LaTeX Font Info:    Overwriting math alphabet `\mathit' in version `bold'
(Font)                  OT1/cmr/bx/it --> TU/Lato(0)/bx/it on input line 73.
LaTeX Font Info:    Overwriting math alphabet `\mathsf' in version `bold'
(Font)                  OT1/cmss/bx/n --> TU/lmss/bx/n on input line 73.
LaTeX Font Info:    Overwriting math alphabet `\mathtt' in version `bold'
(Font)                  OT1/cmtt/m/n --> TU/lmtt/bx/n on input line 73.
ABD: EveryShipout initializing macros
Package biblatex Info: XeTeX detected.
(biblatex)             Assuming input encoding 'utf8'.
Package biblatex Info: Automatic encoding selection.
(biblatex)             Assuming data encoding 'utf8'.
\openout6 = `resume_zhenghao_yin_kyoto_u.bcf'.

Package biblatex Info: Trying to load bibliographic data...
Package biblatex Info: ... file 'resume_zhenghao_yin_kyoto_u.bbl' not found.

No file resume_zhenghao_yin_kyoto_u.bbl.
Package biblatex Info: Reference section=0 on input line 73.
Package biblatex Info: Reference segment=0 on input line 73.
\c@mv@tabular=\count426
\c@mv@boldtabular=\count427
\AtBeginShipoutBox=\box71
Package hyperref Info: Link coloring OFF on input line 73.
(d:/Program/texlive/2019/texmf-dist/tex/latex/hyperref/nameref.sty
Package: nameref 2016/05/21 v2.44 Cross-referencing by name of section

(d:/Program/texlive/2019/texmf-dist/tex/generic/oberdiek/gettitlestring.sty
Package: gettitlestring 2016/05/16 v1.5 Cleanup title references (HO)
)
\c@section@level=\count428
)
LaTeX Info: Redefining \ref on input line 73.
LaTeX Info: Redefining \pageref on input line 73.
LaTeX Info: Redefining \nameref on input line 73.

(./resume_zhenghao_yin_kyoto_u.out) (./resume_zhenghao_yin_kyoto_u.out)
\@outlinefile=\write7
\openout7 = `resume_zhenghao_yin_kyoto_u.out'.

LaTeX Font Info:    Font shape `TU/Lato(0)/m/n' will be
(Font)              scaled to size 24.88pt on input line 96.
Requested font "Lato/OT:script=latn;language=DFLT;+liga;+tnum;+lnum;mapping=tex
-text;" at 24.88pt
 -> D:/Program/texlive/2019/texmf-dist/fonts/truetype/typoland/lato/Lato-Regula
r.ttf
LaTeX Font Info:    Font shape `TU/Lato(0)/bx/n' will be
(Font)              scaled to size 24.88pt on input line 96.
Requested font "Lato/B/OT:script=latn;language=DFLT;+liga;+tnum;+lnum;mapping=t
ex-text;" at 24.88pt
 -> D:/Program/texlive/2019/texmf-dist/fonts/truetype/typoland/lato/Lato-Bold.t
tf
LaTeX Font Info:    Font shape `TU/Lato(0)/m/n' will be
(Font)              scaled to size 14.4pt on input line 96.
Requested font "Lato/OT:script=latn;language=DFLT;+liga;+tnum;+lnum;mapping=tex
-text;" at 14.4pt
 -> D:/Program/texlive/2019/texmf-dist/fonts/truetype/typoland/lato/Lato-Regula
r.ttf
LaTeX Font Info:    Font shape `TU/Lato(0)/bx/n' will be
(Font)              scaled to size 14.4pt on input line 96.
Requested font "Lato/B/OT:script=latn;language=DFLT;+liga;+tnum;+lnum;mapping=t
ex-text;" at 14.4pt
 -> D:/Program/texlive/2019/texmf-dist/fonts/truetype/typoland/lato/Lato-Bold.t
tf
LaTeX Font Info:    Font shape `TU/Lato(0)/m/n' will be
(Font)              scaled to size 10.0pt on input line 96.
Requested font "Lato/OT:script=latn;language=DFLT;+liga;+tnum;+lnum;mapping=tex
-text;" at 10.0pt
 -> D:/Program/texlive/2019/texmf-dist/fonts/truetype/typoland/lato/Lato-Regula
r.ttf
LaTeX Font Info:    Font shape `TU/Lato(0)/bx/n' will be
(Font)              scaled to size 10.0pt on input line 96.
Requested font "Lato/B/OT:script=latn;language=DFLT;+liga;+tnum;+lnum;mapping=t
ex-text;" at 10.0pt
 -> D:/Program/texlive/2019/texmf-dist/fonts/truetype/typoland/lato/Lato-Bold.t
tf
Requested font "FontAwesome/OT" at 10.0pt
 -> D:/Program/texlive/2019/texmf-dist/fonts/opentype/public/fontawesome/FontAw
esome.otf

(./page1sidebar_en.tex
LaTeX Font Info:    Font shape `TU/Lato(0)/m/n' will be
(Font)              scaled to size 20.74pt on input line 24.
Requested font "Lato/OT:script=latn;language=DFLT;+liga;+tnum;+lnum;mapping=tex
-text;" at 20.74pt
 -> D:/Program/texlive/2019/texmf-dist/fonts/truetype/typoland/lato/Lato-Regula
r.ttf
LaTeX Font Info:    Font shape `TU/Lato(0)/bx/n' will be
(Font)              scaled to size 20.74pt on input line 24.
Requested font "Lato/B/OT:script=latn;language=DFLT;+liga;+tnum;+lnum;mapping=t
ex-text;" at 20.74pt
 -> D:/Program/texlive/2019/texmf-dist/fonts/truetype/typoland/lato/Lato-Bold.t
tf
Requested font "Lato/OT:script=latn;language=DFLT;+liga;+tnum;+lnum;mapping=tex
-text;" at 8.0pt
 -> D:/Program/texlive/2019/texmf-dist/fonts/truetype/typoland/lato/Lato-Regula
r.ttf
Requested font "Lato/OT:script=latn;language=DFLT;+liga;+tnum;+lnum;mapping=tex
-text;" at 6.0pt
 -> D:/Program/texlive/2019/texmf-dist/fonts/truetype/typoland/lato/Lato-Regula
r.ttf
Requested font "cmmi12" at 12.0pt
 -> d:/Program/texlive/2019/texmf-dist/fonts/tfm/public/cm/cmmi12.tfm
Requested font "cmmi8" at 8.0pt
 -> d:/Program/texlive/2019/texmf-dist/fonts/tfm/public/cm/cmmi8.tfm
Requested font "cmmi6" at 6.0pt
 -> d:/Program/texlive/2019/texmf-dist/fonts/tfm/public/cm/cmmi6.tfm
Requested font "cmsy10" at 12.0pt
 -> d:/Program/texlive/2019/texmf-dist/fonts/tfm/public/cm/cmsy10.tfm
Requested font "cmsy8" at 8.0pt
 -> d:/Program/texlive/2019/texmf-dist/fonts/tfm/public/cm/cmsy8.tfm
Requested font "cmsy6" at 6.0pt
 -> d:/Program/texlive/2019/texmf-dist/fonts/tfm/public/cm/cmsy6.tfm
Requested font "cmex10" at 12.0pt
 -> d:/Program/texlive/2019/texmf-dist/fonts/tfm/public/cm/cmex10.tfm
Requested font "cmex8" at 8.0pt
 -> d:/Program/texlive/2019/texmf-dist/fonts/tfm/public/amsfonts/cmextra/cmex8.
tfm
Requested font "cmex7" scaled 1000
 -> d:/Program/texlive/2019/texmf-dist/fonts/tfm/public/amsfonts/cmextra/cmex7.
tfm
Requested font "cmr12" at 12.0pt
 -> d:/Program/texlive/2019/texmf-dist/fonts/tfm/public/cm/cmr12.tfm
Requested font "cmr8" at 8.0pt
 -> d:/Program/texlive/2019/texmf-dist/fonts/tfm/public/cm/cmr8.tfm
Requested font "cmr6" at 6.0pt
 -> d:/Program/texlive/2019/texmf-dist/fonts/tfm/public/cm/cmr6.tfm
Requested font "Lato/OT:script=latn;language=DFLT;+liga;+tnum;+lnum;mapping=tex
-text;" at 17.28pt
 -> D:/Program/texlive/2019/texmf-dist/fonts/truetype/typoland/lato/Lato-Regula
r.ttf
Requested font "FontAwesome/OT" at 17.28pt
 -> D:/Program/texlive/2019/texmf-dist/fonts/opentype/public/fontawesome/FontAw
esome.otf
Requested font "Lato/B/OT:script=latn;language=DFLT;+liga;+tnum;+lnum;mapping=t
ex-text;" at 12.0pt
 -> D:/Program/texlive/2019/texmf-dist/fonts/truetype/typoland/lato/Lato-Bold.t
tf
)
LaTeX Font Info:    Font shape `TU/Lato(0)/m/n' will be
(Font)              scaled to size 10.95pt on input line 108.
Requested font "Lato/OT:script=latn;language=DFLT;+liga;+tnum;+lnum;mapping=tex
-text;" at 10.95pt
 -> D:/Program/texlive/2019/texmf-dist/fonts/truetype/typoland/lato/Lato-Regula
r.ttf
Requested font "FontAwesome/OT" at 10.95pt
 -> D:/Program/texlive/2019/texmf-dist/fonts/opentype/public/fontawesome/FontAw
esome.otf

(d:/Program/texlive/2019/texmf-dist/tex/generic/oberdiek/se-ascii-print.def
File: se-ascii-print.def 2016/05/16 v1.11 stringenc: Printable ASCII characters

)
[1

] (./page2sidebar_en.tex
Overfull \hbox (1.284pt too wide) in paragraph at lines 7--7
[][] []\TU/FontAwesome(0)/m/n/12 [][]  
 []

LaTeX Font Info:    Font shape `TU/Lato(0)/bx/n' will be
(Font)              scaled to size 10.95pt on input line 7.
Requested font "Lato/B/OT:script=latn;language=DFLT;+liga;+tnum;+lnum;mapping=t
ex-text;" at 10.95pt
 -> D:/Program/texlive/2019/texmf-dist/fonts/truetype/typoland/lato/Lato-Bold.t
tf

Overfull \hbox (1.95pt too wide) in paragraph at lines 7--7
[][] []\TU/FontAwesome(0)/m/n/10.95 [][]  
 []


Overfull \hbox (1.284pt too wide) in paragraph at lines 13--13
[][] []\TU/FontAwesome(0)/m/n/12 [][]  
 []


Overfull \hbox (1.95pt too wide) in paragraph at lines 13--13
[][] []\TU/FontAwesome(0)/m/n/10.95 [][]  
 []

) [2

]
Package atveryend Info: Empty hook `BeforeClearDocument' on input line 192.
Package atveryend Info: Empty hook `AfterLastShipout' on input line 192.
 (./resume_zhenghao_yin_kyoto_u.aux)
Package atveryend Info: Empty hook `AtVeryEndDocument' on input line 192.
Package atveryend Info: Executing hook `AtEndAfterFileList' on input line 192.
Package rerunfilecheck Info: File `resume_zhenghao_yin_kyoto_u.out' has not cha
nged.
(rerunfilecheck)             Checksum: D41D8CD98F00B204E9800998ECF8427E.
Package logreq Info: Writing requests to 'resume_zhenghao_yin_kyoto_u.run.xml'.

\openout1 = `resume_zhenghao_yin_kyoto_u.run.xml'.

 ) 
Here is how much of TeX's memory you used:
 42507 strings out of 492922
 864472 string characters out of 6133408
 1342626 words of memory out of 5000000
 46022 multiletter control sequences out of 15000+600000
 539483 words of font info for 85 fonts, out of 8000000 for 9000
 1348 hyphenation exceptions out of 8191
 62i,16n,99p,1172b,905s stack positions out of 5000i,500n,10000p,200000b,80000s

Output written on resume_zhenghao_yin_kyoto_u.pdf (2 pages).
